#-----------------------------------------------------------
# Vivado v2020.1 (64-bit)
# SW Build 2902540 on Wed May 27 19:54:49 MDT 2020
# IP Build 2902112 on Wed May 27 22:43:36 MDT 2020
# Start of session at: Wed Jul  9 05:00:42 2025
# Process ID: 20824
# Current directory: C:/Users/elias/dev/ba/firmware/fpga/tmp/freq
# Command line: vivado.exe -gui_launcher_event rodinguilauncherevent12916 C:\Users\elias\dev\ba\firmware\fpga\tmp\freq\freq.xpr
# Log file: C:/Users/elias/dev/ba/firmware/fpga/tmp/freq/vivado.log
# Journal file: C:/Users/elias/dev/ba/firmware/fpga/tmp/freq\vivado.jou
#-----------------------------------------------------------
start_gui
open_project C:/Users/elias/dev/ba/firmware/fpga/tmp/freq/freq.xpr
Scanning sources...
Finished scanning sources
INFO: [IP_Flow 19-234] Refreshing IP repositories
INFO: [IP_Flow 19-1700] Loaded user IP repository 'c:/Users/elias/dev/ba/firmware/fpga/tmp/cores'.
INFO: [IP_Flow 19-2313] Loaded Vivado IP repository 'C:/Xilinx/Vivado/2020.1/data/ip'.
update_compile_order -fileset sources_1
update_module_reference system_frequency_counter_0_0
INFO: [IP_Flow 19-5107] Inferred bus interface 'M_AXIS_OUT' of definition 'xilinx.com:interface:axis:1.0' (from Xilinx Repository).
INFO: [IP_Flow 19-5107] Inferred bus interface 'S_AXIS_IN' of definition 'xilinx.com:interface:axis:1.0' (from Xilinx Repository).
INFO: [IP_Flow 19-5107] Inferred bus interface 'rst' of definition 'xilinx.com:signal:reset:1.0' (from Xilinx Repository).
INFO: [IP_Flow 19-5107] Inferred bus interface 'clk' of definition 'xilinx.com:signal:clock:1.0' (from Xilinx Repository).
INFO: [IP_Flow 19-4728] Bus Interface 'clk': Added interface parameter 'ASSOCIATED_BUSIF' with value 'M_AXIS_OUT'.
INFO: [IP_Flow 19-4728] Bus Interface 'clk': Added interface parameter 'ASSOCIATED_RESET' with value 'rst'.
INFO: [IP_Flow 19-4728] Bus Interface 'S_AXIS_IN': Added interface parameter 'FREQ_HZ' with value '125000000'.
INFO: [IP_Flow 19-234] Refreshing IP repositories
INFO: [IP_Flow 19-1700] Loaded user IP repository 'c:/Users/elias/dev/ba/firmware/fpga/tmp/cores'.
Adding component instance block -- xilinx.com:ip:util_ds_buf:2.1 - util_ds_buf_1
Adding component instance block -- xilinx.com:ip:util_ds_buf:2.1 - util_ds_buf_2
Adding component instance block -- xilinx.com:ip:axi_gpio:2.0 - axi_gpio_0
Adding component instance block -- xilinx.com:ip:processing_system7:5.5 - processing_system7_0
WARNING: [BD 41-176] The physical port 'S_AXI_GP2_rd_socket' specified in the portmap, is not found on the block! 
WARNING: [BD 41-176] The physical port 'S_AXI_GP2_wr_socket' specified in the portmap, is not found on the block! 
WARNING: [BD 41-176] The physical port 'S_AXI_GP3_rd_socket' specified in the portmap, is not found on the block! 
WARNING: [BD 41-176] The physical port 'S_AXI_GP3_wr_socket' specified in the portmap, is not found on the block! 
Adding component instance block -- xilinx.com:ip:proc_sys_reset:5.0 - rst_ps7_0_125M
Adding component instance block -- xilinx.com:ip:axi_interconnect:2.1 - ps7_0_axi_periph
Adding component instance block -- xilinx.com:ip:axi_protocol_converter:2.1 - auto_pc
Adding component instance block -- xilinx.com:ip:xlconstant:1.1 - xlc_reset
Adding component instance block -- pavel-demin:user:axis_red_pitaya_adc:1.0 - axis_red_pitaya_adc_0
Adding component instance block -- xilinx.com:module_ref:signal_split:1.0 - signal_split_0
Adding component instance block -- xilinx.com:ip:xlslice:1.0 - xlslice_0
Adding component instance block -- xilinx.com:module_ref:pow2:1.0 - pow2_0
Adding component instance block -- xilinx.com:ip:xlconstant:1.1 - xlconstant_0
Adding component instance block -- xilinx.com:ip:xlconstant:1.1 - xlconstant_1
Adding component instance block -- xilinx.com:module_ref:frequency_counter:1.0 - frequency_counter_0
Adding component instance block -- xilinx.com:module_ref:freq_mapper:1.0 - freq_mapper_0
Adding component instance block -- pavel-demin:user:axis_red_pitaya_dac:1.0 - axis_red_pitaya_dac_0
Adding component instance block -- xilinx.com:ip:clk_wiz:6.0 - clk_wiz_0
Adding component instance block -- xilinx.com:module_ref:signal_merge:1.0 - signal_merge_0
Successfully read diagram <system> from BD file <C:/Users/elias/dev/ba/firmware/fpga/tmp/freq/freq.srcs/sources_1/bd/system/system.bd>
Upgrading 'C:/Users/elias/dev/ba/firmware/fpga/tmp/freq/freq.srcs/sources_1/bd/system/system.bd'
INFO: [IP_Flow 19-1972] Upgraded system_frequency_counter_0_0 from frequency_counter_v1_0 1.0 to frequency_counter_v1_0 1.0
Wrote  : <C:\Users\elias\dev\ba\firmware\fpga\tmp\freq\freq.srcs\sources_1\bd\system\system.bd> 
Wrote  : <C:/Users/elias/dev/ba/firmware/fpga/tmp/freq/freq.srcs/sources_1/bd/system/ui/bd_c954508f.ui> 
update_module_reference system_frequency_counter_0_0
INFO: [IP_Flow 19-5107] Inferred bus interface 'M_AXIS_OUT' of definition 'xilinx.com:interface:axis:1.0' (from Xilinx Repository).
INFO: [IP_Flow 19-5107] Inferred bus interface 'S_AXIS_IN' of definition 'xilinx.com:interface:axis:1.0' (from Xilinx Repository).
INFO: [IP_Flow 19-5107] Inferred bus interface 'rst' of definition 'xilinx.com:signal:reset:1.0' (from Xilinx Repository).
INFO: [IP_Flow 19-5107] Inferred bus interface 'clk' of definition 'xilinx.com:signal:clock:1.0' (from Xilinx Repository).
INFO: [IP_Flow 19-4728] Bus Interface 'clk': Added interface parameter 'ASSOCIATED_BUSIF' with value 'M_AXIS_OUT'.
INFO: [IP_Flow 19-4728] Bus Interface 'clk': Added interface parameter 'ASSOCIATED_RESET' with value 'rst'.
INFO: [IP_Flow 19-4728] Bus Interface 'S_AXIS_IN': Added interface parameter 'FREQ_HZ' with value '125000000'.
INFO: [IP_Flow 19-234] Refreshing IP repositories
INFO: [IP_Flow 19-1700] Loaded user IP repository 'c:/Users/elias/dev/ba/firmware/fpga/tmp/cores'.
Upgrading 'C:/Users/elias/dev/ba/firmware/fpga/tmp/freq/freq.srcs/sources_1/bd/system/system.bd'
INFO: [IP_Flow 19-1972] Upgraded system_frequency_counter_0_0 from frequency_counter_v1_0 1.0 to frequency_counter_v1_0 1.0
Wrote  : <C:\Users\elias\dev\ba\firmware\fpga\tmp\freq\freq.srcs\sources_1\bd\system\system.bd> 
Wrote  : <C:/Users/elias/dev/ba/firmware/fpga/tmp/freq/freq.srcs/sources_1/bd/system/ui/bd_c954508f.ui> 
CRITICAL WARNING: [HDL 9-806] Syntax error near ")". [C:/Users/elias/dev/ba/firmware/fpga/tmp/freq/freq.srcs/sources_1/imports/fpga/frequency_counter.v:41]
CRITICAL WARNING: [HDL 9-806] Syntax error near ")". [C:/Users/elias/dev/ba/firmware/fpga/tmp/freq/freq.srcs/sources_1/imports/fpga/frequency_counter.v:41]
update_compile_order -fileset sources_1
update_module_reference system_frequency_counter_0_0
ERROR: [filemgmt 56-189] Failed to resolve reference. Nothing was found in the project to match the name 'frequency_counter'.
ERROR: [Common 17-39] 'update_module_reference' failed due to earlier errors.
ERROR: [BD 5-373] This block /FrequencyCounter/frequency_counter_0 is associated with a 'Unknown' type reference module. Cannot invoke 'Refresh Module' on it. Only RTL type reference-modules are supported in this release.
update_module_reference system_freq_mapper_0_0
INFO: [IP_Flow 19-1976] HDL Parser: Replacing 'LOGICAL_WIDTH' by 14 for port or parameter 'amp_u'
INFO: [IP_Flow 19-5107] Inferred bus interface 'rst' of definition 'xilinx.com:signal:reset:1.0' (from Xilinx Repository).
INFO: [IP_Flow 19-5107] Inferred bus interface 'clk' of definition 'xilinx.com:signal:clock:1.0' (from Xilinx Repository).
INFO: [IP_Flow 19-4728] Bus Interface 'clk': Added interface parameter 'ASSOCIATED_RESET' with value 'rst'.
WARNING: [IP_Flow 19-5661] Bus Interface 'clk' does not have any bus interfaces associated with it.
INFO: [IP_Flow 19-234] Refreshing IP repositories
INFO: [IP_Flow 19-1700] Loaded user IP repository 'c:/Users/elias/dev/ba/firmware/fpga/tmp/cores'.
Upgrading 'C:/Users/elias/dev/ba/firmware/fpga/tmp/freq/freq.srcs/sources_1/bd/system/system.bd'
INFO: [IP_Flow 19-1972] Upgraded system_freq_mapper_0_0 from freq_mapper_v1_0 1.0 to freq_mapper_v1_0 1.0
WARNING: [IP_Flow 19-4700] Upgrade has removed port 'sample_done'
WARNING: [IP_Flow 19-3298] Detected external port differences while upgrading 'system_freq_mapper_0_0'. These changes may impact your design.
CRITICAL WARNING: [BD 41-1167] The pin 'sample_done' is not found on the upgraded version of the cell '/FrequencyCounter/freq_mapper_0'. Its connection to the net 'frequency_counter_0_sample_done' has been removed.
CRITICAL WARNING: [Coretcl 2-1280] The upgrade of 'system_freq_mapper_0_0' has identified issues that may require user intervention. Please verify that the instance is correctly configured, and review any upgrade messages.
Wrote  : <C:\Users\elias\dev\ba\firmware\fpga\tmp\freq\freq.srcs\sources_1\bd\system\system.bd> 
Wrote  : <C:/Users/elias/dev/ba/firmware/fpga/tmp/freq/freq.srcs/sources_1/bd/system/ui/bd_c954508f.ui> 
ERROR: [BD 5-373] This block /FrequencyCounter/frequency_counter_0 is associated with a 'Unknown' type reference module. Cannot invoke 'Refresh Module' on it. Only RTL type reference-modules are supported in this release.
update_compile_order -fileset sources_1
update_module_reference system_frequency_counter_0_0
INFO: [IP_Flow 19-5107] Inferred bus interface 'M_AXIS_OUT' of definition 'xilinx.com:interface:axis:1.0' (from Xilinx Repository).
INFO: [IP_Flow 19-5107] Inferred bus interface 'S_AXIS_IN' of definition 'xilinx.com:interface:axis:1.0' (from Xilinx Repository).
INFO: [IP_Flow 19-5107] Inferred bus interface 'rst' of definition 'xilinx.com:signal:reset:1.0' (from Xilinx Repository).
INFO: [IP_Flow 19-5107] Inferred bus interface 'clk' of definition 'xilinx.com:signal:clock:1.0' (from Xilinx Repository).
INFO: [IP_Flow 19-4728] Bus Interface 'clk': Added interface parameter 'ASSOCIATED_BUSIF' with value 'M_AXIS_OUT'.
INFO: [IP_Flow 19-4728] Bus Interface 'clk': Added interface parameter 'ASSOCIATED_RESET' with value 'rst'.
INFO: [IP_Flow 19-4728] Bus Interface 'S_AXIS_IN': Added interface parameter 'FREQ_HZ' with value '125000000'.
INFO: [IP_Flow 19-234] Refreshing IP repositories
INFO: [IP_Flow 19-1700] Loaded user IP repository 'c:/Users/elias/dev/ba/firmware/fpga/tmp/cores'.
Upgrading 'C:/Users/elias/dev/ba/firmware/fpga/tmp/freq/freq.srcs/sources_1/bd/system/system.bd'
INFO: [IP_Flow 19-1972] Upgraded system_frequency_counter_0_0 from frequency_counter_v1_0 1.0 to frequency_counter_v1_0 1.0
WARNING: [IP_Flow 19-4700] Upgrade has removed port 'sample_done'
WARNING: [IP_Flow 19-3298] Detected external port differences while upgrading 'system_frequency_counter_0_0'. These changes may impact your design.
CRITICAL WARNING: [BD 41-1167] The pin 'sample_done' is not found on the upgraded version of the cell '/FrequencyCounter/frequency_counter_0'. Its connection to the net 'frequency_counter_0_sample_done' has been removed.
CRITICAL WARNING: [Coretcl 2-1280] The upgrade of 'system_frequency_counter_0_0' has identified issues that may require user intervention. Please verify that the instance is correctly configured, and review any upgrade messages.
WARNING: [BD 41-597] NET <frequency_counter_0_sample_done> has no source
Wrote  : <C:\Users\elias\dev\ba\firmware\fpga\tmp\freq\freq.srcs\sources_1\bd\system\system.bd> 
Wrote  : <C:/Users/elias/dev/ba/firmware/fpga/tmp/freq/freq.srcs/sources_1/bd/system/ui/bd_c954508f.ui> 
reset_run synth_1
launch_runs impl_1 -to_step write_bitstream -jobs 12
WARNING: [#UNDEF] When using EMIO pins for SPI_0 tie SSIN High in the PL bitstream
INFO: [xilinx.com:ip:clk_wiz:6.0-1] /clk_wiz_0 clk_wiz propagate
WARNING: [BD 41-927] Following properties on pin /axis_red_pitaya_dac_0/aclk have been updated from connected ip, but BD cell '/axis_red_pitaya_dac_0' does not accept parameter changes, so they may not be synchronized with cell properties:
	FREQ_HZ = 125000000 
Please resolve any mismatches by directly setting properties on BD cell </axis_red_pitaya_dac_0> to completely resolve these warnings.
WARNING: [BD 41-927] Following properties on pin /axis_red_pitaya_dac_0/ddr_clk have been updated from connected ip, but BD cell '/axis_red_pitaya_dac_0' does not accept parameter changes, so they may not be synchronized with cell properties:
	PHASE = 0.0 
Please resolve any mismatches by directly setting properties on BD cell </axis_red_pitaya_dac_0> to completely resolve these warnings.
WARNING: [BD 41-927] Following properties on pin /FrequencyCounter/freq_mapper_0/clk have been updated from connected ip, but BD cell '/FrequencyCounter/freq_mapper_0' does not accept parameter changes, so they may not be synchronized with cell properties:
	FREQ_HZ = 125000000 
Please resolve any mismatches by directly setting properties on BD cell </FrequencyCounter/freq_mapper_0> to completely resolve these warnings.
WARNING: [BD 41-927] Following properties on pin /FrequencyCounter/frequency_counter_0/clk have been updated from connected ip, but BD cell '/FrequencyCounter/frequency_counter_0' does not accept parameter changes, so they may not be synchronized with cell properties:
	FREQ_HZ = 125000000 
Please resolve any mismatches by directly setting properties on BD cell </FrequencyCounter/frequency_counter_0> to completely resolve these warnings.
WARNING: [BD 41-597] NET <frequency_counter_0_sample_done> has no source
Wrote  : <C:\Users\elias\dev\ba\firmware\fpga\tmp\freq\freq.srcs\sources_1\bd\system\system.bd> 
Wrote  : <C:/Users/elias/dev/ba/firmware/fpga/tmp/freq/freq.srcs/sources_1/bd/system/ui/bd_c954508f.ui> 
WARNING: [BD 41-166] Source port for the net:frequency_counter_0_sample_done is NULL! Connection will be grounded!
VHDL Output written to : C:/Users/elias/dev/ba/firmware/fpga/tmp/freq/freq.srcs/sources_1/bd/system/synth/system.v
WARNING: [BD 41-166] Source port for the net:frequency_counter_0_sample_done is NULL! Connection will be grounded!
VHDL Output written to : C:/Users/elias/dev/ba/firmware/fpga/tmp/freq/freq.srcs/sources_1/bd/system/sim/system.v
VHDL Output written to : C:/Users/elias/dev/ba/firmware/fpga/tmp/freq/freq.srcs/sources_1/bd/system/hdl/system_wrapper.v
INFO: [BD 41-1029] Generation completed for the IP Integrator block FrequencyCounter/frequency_counter_0 .
INFO: [BD 41-1029] Generation completed for the IP Integrator block FrequencyCounter/freq_mapper_0 .
WARNING: [IP_Flow 19-4994] Overwriting existing constraint file 'c:/Users/elias/dev/ba/firmware/fpga/tmp/freq/freq.srcs/sources_1/bd/system/ip/system_auto_pc_0/system_auto_pc_0_ooc.xdc'
INFO: [BD 41-1029] Generation completed for the IP Integrator block PS7/ps7_0_axi_periph/s00_couplers/auto_pc .
Exporting to file C:/Users/elias/dev/ba/firmware/fpga/tmp/freq/freq.srcs/sources_1/bd/system/hw_handoff/system.hwh
Generated Block Design Tcl file C:/Users/elias/dev/ba/firmware/fpga/tmp/freq/freq.srcs/sources_1/bd/system/hw_handoff/system_bd.tcl
Generated Hardware Definition File C:/Users/elias/dev/ba/firmware/fpga/tmp/freq/freq.srcs/sources_1/bd/system/synth/system.hwdef
WARNING: [BD 41-2265] Clock pin for protocol instance pin M_AXIS_PORT1 could not be determined. Make sure that ASSOCIATED_BUSIF and ASSOCIATED_RESET properties are set or propagated on clock pins of block /DataAcquisition
WARNING: [BD 41-2265] Clock pin for protocol instance pin M_AXIS_PORT1 could not be determined. Make sure that ASSOCIATED_BUSIF and ASSOCIATED_RESET properties are set or propagated on clock pins of block /DataAcquisition/signal_split_0
WARNING: [BD 41-2265] Clock pin for protocol instance pin S_AXIS could not be determined. Make sure that ASSOCIATED_BUSIF and ASSOCIATED_RESET properties are set or propagated on clock pins of block /DataAcquisition/signal_split_0
WARNING: [BD 41-2265] Clock pin for protocol instance pin M_AXIS could not be determined. Make sure that ASSOCIATED_BUSIF and ASSOCIATED_RESET properties are set or propagated on clock pins of block /signal_merge_0
WARNING: [BD 41-2265] Clock pin for protocol instance pin S_AXIS could not be determined. Make sure that ASSOCIATED_BUSIF and ASSOCIATED_RESET properties are set or propagated on clock pins of block /signal_merge_0
[Wed Jul  9 05:20:24 2025] Launched synth_1...
Run output will be captured here: C:/Users/elias/dev/ba/firmware/fpga/tmp/freq/freq.runs/synth_1/runme.log
[Wed Jul  9 05:20:24 2025] Launched impl_1...
Run output will be captured here: C:/Users/elias/dev/ba/firmware/fpga/tmp/freq/freq.runs/impl_1/runme.log
launch_runs: Time (s): cpu = 00:00:02 ; elapsed = 00:00:09 . Memory (MB): peak = 1038.145 ; gain = 25.570
update_module_reference system_freq_mapper_0_0
INFO: [IP_Flow 19-1976] HDL Parser: Replacing 'LOGICAL_WIDTH' by 14 for port or parameter 'amp_u'
INFO: [IP_Flow 19-5107] Inferred bus interface 'rst' of definition 'xilinx.com:signal:reset:1.0' (from Xilinx Repository).
INFO: [IP_Flow 19-5107] Inferred bus interface 'clk' of definition 'xilinx.com:signal:clock:1.0' (from Xilinx Repository).
INFO: [IP_Flow 19-4728] Bus Interface 'clk': Added interface parameter 'ASSOCIATED_RESET' with value 'rst'.
WARNING: [IP_Flow 19-5661] Bus Interface 'clk' does not have any bus interfaces associated with it.
INFO: [IP_Flow 19-234] Refreshing IP repositories
INFO: [IP_Flow 19-1700] Loaded user IP repository 'c:/Users/elias/dev/ba/firmware/fpga/tmp/cores'.
Upgrading 'C:/Users/elias/dev/ba/firmware/fpga/tmp/freq/freq.srcs/sources_1/bd/system/system.bd'
INFO: [IP_Flow 19-1972] Upgraded system_freq_mapper_0_0 from freq_mapper_v1_0 1.0 to freq_mapper_v1_0 1.0
WARNING: [BD 41-597] NET <frequency_counter_0_sample_done> has no source
Wrote  : <C:\Users\elias\dev\ba\firmware\fpga\tmp\freq\freq.srcs\sources_1\bd\system\system.bd> 
Wrote  : <C:/Users/elias/dev/ba/firmware/fpga/tmp/freq/freq.srcs/sources_1/bd/system/ui/bd_c954508f.ui> 
update_module_reference system_freq_mapper_0_0
INFO: [IP_Flow 19-1976] HDL Parser: Replacing 'LOGICAL_WIDTH' by 14 for port or parameter 'amp_u'
INFO: [IP_Flow 19-5107] Inferred bus interface 'rst' of definition 'xilinx.com:signal:reset:1.0' (from Xilinx Repository).
INFO: [IP_Flow 19-5107] Inferred bus interface 'clk' of definition 'xilinx.com:signal:clock:1.0' (from Xilinx Repository).
INFO: [IP_Flow 19-4728] Bus Interface 'clk': Added interface parameter 'ASSOCIATED_RESET' with value 'rst'.
WARNING: [IP_Flow 19-5661] Bus Interface 'clk' does not have any bus interfaces associated with it.
INFO: [IP_Flow 19-234] Refreshing IP repositories
INFO: [IP_Flow 19-1700] Loaded user IP repository 'c:/Users/elias/dev/ba/firmware/fpga/tmp/cores'.
Upgrading 'C:/Users/elias/dev/ba/firmware/fpga/tmp/freq/freq.srcs/sources_1/bd/system/system.bd'
INFO: [IP_Flow 19-1972] Upgraded system_freq_mapper_0_0 from freq_mapper_v1_0 1.0 to freq_mapper_v1_0 1.0
WARNING: [BD 41-597] NET <frequency_counter_0_sample_done> has no source
Wrote  : <C:\Users\elias\dev\ba\firmware\fpga\tmp\freq\freq.srcs\sources_1\bd\system\system.bd> 
reset_run synth_1
launch_runs impl_1 -to_step write_bitstream -jobs 12
WARNING: [#UNDEF] When using EMIO pins for SPI_0 tie SSIN High in the PL bitstream
INFO: [xilinx.com:ip:clk_wiz:6.0-1] /clk_wiz_0 clk_wiz propagate
WARNING: [BD 41-927] Following properties on pin /axis_red_pitaya_dac_0/aclk have been updated from connected ip, but BD cell '/axis_red_pitaya_dac_0' does not accept parameter changes, so they may not be synchronized with cell properties:
	FREQ_HZ = 125000000 
Please resolve any mismatches by directly setting properties on BD cell </axis_red_pitaya_dac_0> to completely resolve these warnings.
WARNING: [BD 41-927] Following properties on pin /axis_red_pitaya_dac_0/ddr_clk have been updated from connected ip, but BD cell '/axis_red_pitaya_dac_0' does not accept parameter changes, so they may not be synchronized with cell properties:
	PHASE = 0.0 
Please resolve any mismatches by directly setting properties on BD cell </axis_red_pitaya_dac_0> to completely resolve these warnings.
WARNING: [BD 41-927] Following properties on pin /FrequencyCounter/frequency_counter_0/clk have been updated from connected ip, but BD cell '/FrequencyCounter/frequency_counter_0' does not accept parameter changes, so they may not be synchronized with cell properties:
	FREQ_HZ = 125000000 
Please resolve any mismatches by directly setting properties on BD cell </FrequencyCounter/frequency_counter_0> to completely resolve these warnings.
WARNING: [BD 41-927] Following properties on pin /FrequencyCounter/freq_mapper_0/clk have been updated from connected ip, but BD cell '/FrequencyCounter/freq_mapper_0' does not accept parameter changes, so they may not be synchronized with cell properties:
	FREQ_HZ = 125000000 
Please resolve any mismatches by directly setting properties on BD cell </FrequencyCounter/freq_mapper_0> to completely resolve these warnings.
WARNING: [BD 41-597] NET <frequency_counter_0_sample_done> has no source
Wrote  : <C:\Users\elias\dev\ba\firmware\fpga\tmp\freq\freq.srcs\sources_1\bd\system\system.bd> 
Wrote  : <C:/Users/elias/dev/ba/firmware/fpga/tmp/freq/freq.srcs/sources_1/bd/system/ui/bd_c954508f.ui> 
WARNING: [BD 41-166] Source port for the net:frequency_counter_0_sample_done is NULL! Connection will be grounded!
VHDL Output written to : C:/Users/elias/dev/ba/firmware/fpga/tmp/freq/freq.srcs/sources_1/bd/system/synth/system.v
WARNING: [BD 41-166] Source port for the net:frequency_counter_0_sample_done is NULL! Connection will be grounded!
VHDL Output written to : C:/Users/elias/dev/ba/firmware/fpga/tmp/freq/freq.srcs/sources_1/bd/system/sim/system.v
VHDL Output written to : C:/Users/elias/dev/ba/firmware/fpga/tmp/freq/freq.srcs/sources_1/bd/system/hdl/system_wrapper.v
INFO: [BD 41-1029] Generation completed for the IP Integrator block FrequencyCounter/freq_mapper_0 .
WARNING: [IP_Flow 19-4994] Overwriting existing constraint file 'c:/Users/elias/dev/ba/firmware/fpga/tmp/freq/freq.srcs/sources_1/bd/system/ip/system_auto_pc_0/system_auto_pc_0_ooc.xdc'
INFO: [BD 41-1029] Generation completed for the IP Integrator block PS7/ps7_0_axi_periph/s00_couplers/auto_pc .
Exporting to file C:/Users/elias/dev/ba/firmware/fpga/tmp/freq/freq.srcs/sources_1/bd/system/hw_handoff/system.hwh
Generated Block Design Tcl file C:/Users/elias/dev/ba/firmware/fpga/tmp/freq/freq.srcs/sources_1/bd/system/hw_handoff/system_bd.tcl
Generated Hardware Definition File C:/Users/elias/dev/ba/firmware/fpga/tmp/freq/freq.srcs/sources_1/bd/system/synth/system.hwdef
WARNING: [BD 41-2265] Clock pin for protocol instance pin M_AXIS_PORT1 could not be determined. Make sure that ASSOCIATED_BUSIF and ASSOCIATED_RESET properties are set or propagated on clock pins of block /DataAcquisition
WARNING: [BD 41-2265] Clock pin for protocol instance pin M_AXIS_PORT1 could not be determined. Make sure that ASSOCIATED_BUSIF and ASSOCIATED_RESET properties are set or propagated on clock pins of block /DataAcquisition/signal_split_0
WARNING: [BD 41-2265] Clock pin for protocol instance pin S_AXIS could not be determined. Make sure that ASSOCIATED_BUSIF and ASSOCIATED_RESET properties are set or propagated on clock pins of block /DataAcquisition/signal_split_0
WARNING: [BD 41-2265] Clock pin for protocol instance pin M_AXIS could not be determined. Make sure that ASSOCIATED_BUSIF and ASSOCIATED_RESET properties are set or propagated on clock pins of block /signal_merge_0
WARNING: [BD 41-2265] Clock pin for protocol instance pin S_AXIS could not be determined. Make sure that ASSOCIATED_BUSIF and ASSOCIATED_RESET properties are set or propagated on clock pins of block /signal_merge_0
[Wed Jul  9 05:34:27 2025] Launched synth_1...
Run output will be captured here: C:/Users/elias/dev/ba/firmware/fpga/tmp/freq/freq.runs/synth_1/runme.log
[Wed Jul  9 05:34:27 2025] Launched impl_1...
Run output will be captured here: C:/Users/elias/dev/ba/firmware/fpga/tmp/freq/freq.runs/impl_1/runme.log
launch_runs: Time (s): cpu = 00:00:01 ; elapsed = 00:00:05 . Memory (MB): peak = 1061.562 ; gain = 1.477
