#-----------------------------------------------------------
# Vivado v2020.1 (64-bit)
# SW Build 2902540 on Wed May 27 19:54:49 MDT 2020
# IP Build 2902112 on Wed May 27 22:43:36 MDT 2020
# Start of session at: Mon Jun 30 16:31:32 2025
# Process ID: 21896
# Current directory: C:/Users/elias/dev/ba/firmware/fpga/tmp/freq
# Command line: vivado.exe -gui_launcher_event rodinguilauncherevent20016 C:\Users\elias\dev\ba\firmware\fpga\tmp\freq\freq.xpr
# Log file: C:/Users/elias/dev/ba/firmware/fpga/tmp/freq/vivado.log
# Journal file: C:/Users/elias/dev/ba/firmware/fpga/tmp/freq\vivado.jou
#-----------------------------------------------------------
start_gui
open_project C:/Users/elias/dev/ba/firmware/fpga/tmp/freq/freq.xpr
Scanning sources...
Finished scanning sources
INFO: [IP_Flow 19-234] Refreshing IP repositories
INFO: [IP_Flow 19-1700] Loaded user IP repository 'c:/Users/elias/dev/ba/firmware/fpga/tmp/cores'.
INFO: [IP_Flow 19-2313] Loaded Vivado IP repository 'C:/Xilinx/Vivado/2020.1/data/ip'.
update_compile_order -fileset sources_1
reset_run impl_1 -prev_step 
launch_runs impl_1 -to_step write_bitstream -jobs 12
[Mon Jun 30 17:11:51 2025] Launched impl_1...
Run output will be captured here: C:/Users/elias/dev/ba/firmware/fpga/tmp/freq/freq.runs/impl_1/runme.log
open_run impl_1
INFO: [Device 21-403] Loading part xc7z010clg400-1
Netlist sorting complete. Time (s): cpu = 00:00:00 ; elapsed = 00:00:00.027 . Memory (MB): peak = 1227.957 ; gain = 0.000
INFO: [Netlist 29-17] Analyzing 51 Unisim elements for replacement
INFO: [Netlist 29-28] Unisim Transformation completed in 0 CPU seconds
INFO: [Project 1-479] Netlist was created with Vivado 2020.1
INFO: [Project 1-570] Preparing netlist for logic optimization
INFO: [Timing 38-478] Restoring timing data from binary archive.
INFO: [Timing 38-479] Binary timing data restore complete.
INFO: [Project 1-856] Restoring constraints from binary archive.
INFO: [Project 1-853] Binary constraint restore complete.
Reading XDEF placement.
Reading placer database...
Reading XDEF routing.
Read XDEF File: Time (s): cpu = 00:00:01 ; elapsed = 00:00:00.175 . Memory (MB): peak = 1776.316 ; gain = 0.000
Restored from archive | CPU: 1.000000 secs | Memory: 0.000000 MB |
Finished XDEF File Restore: Time (s): cpu = 00:00:01 ; elapsed = 00:00:00.176 . Memory (MB): peak = 1776.316 ; gain = 0.000
Netlist sorting complete. Time (s): cpu = 00:00:00 ; elapsed = 00:00:00.001 . Memory (MB): peak = 1776.316 ; gain = 0.000
INFO: [Project 1-111] Unisim Transformation Summary:
  A total of 2 instances were transformed.
  OBUFDS => OBUFDS_DUAL_BUF (INV, OBUFDS(x2)): 2 instances

open_run: Time (s): cpu = 00:00:12 ; elapsed = 00:00:10 . Memory (MB): peak = 1915.520 ; gain = 687.562
open_bd_design {C:/Users/elias/dev/ba/firmware/fpga/tmp/freq/freq.srcs/sources_1/bd/system/system.bd}
Adding component instance block -- xilinx.com:ip:processing_system7:5.5 - processing_system7_0
WARNING: [BD 41-176] The physical port 'S_AXI_GP2_rd_socket' specified in the portmap, is not found on the block! 
WARNING: [BD 41-176] The physical port 'S_AXI_GP2_wr_socket' specified in the portmap, is not found on the block! 
WARNING: [BD 41-176] The physical port 'S_AXI_GP3_rd_socket' specified in the portmap, is not found on the block! 
WARNING: [BD 41-176] The physical port 'S_AXI_GP3_wr_socket' specified in the portmap, is not found on the block! 
Adding component instance block -- xilinx.com:ip:util_ds_buf:2.1 - util_ds_buf_1
Adding component instance block -- xilinx.com:ip:util_ds_buf:2.1 - util_ds_buf_2
Adding component instance block -- xilinx.com:ip:axi_gpio:2.0 - axi_gpio_0
Adding component instance block -- pavel-demin:user:axis_red_pitaya_adc:1.0 - axis_red_pitaya_adc_0
Adding component instance block -- pavel-demin:user:axis_red_pitaya_dac:1.0 - axis_red_pitaya_dac_0
Adding component instance block -- xilinx.com:ip:clk_wiz:6.0 - clk_wiz_0
Adding component instance block -- xilinx.com:ip:dds_compiler:6.0 - dds_compiler_0
Adding component instance block -- xilinx.com:ip:axi_interconnect:2.1 - ps7_0_axi_periph
Adding component instance block -- xilinx.com:ip:axi_protocol_converter:2.1 - auto_pc
Adding component instance block -- xilinx.com:ip:proc_sys_reset:5.0 - rst_ps7_0_125M
Successfully read diagram <system> from BD file <C:/Users/elias/dev/ba/firmware/fpga/tmp/freq/freq.srcs/sources_1/bd/system/system.bd>
create_bd_cell -type module -reference frequency_counter frequency_counter_0
generate_target all [get_files  C:/Users/elias/dev/ba/firmware/fpga/tmp/freq/freq.srcs/sources_1/bd/system/system.bd]
ERROR: [BD 41-758] The following clock pins are not connected to a valid clock source: 
/frequency_counter_0/clk

ERROR: [BD 41-1031] Hdl Generation failed for the IP Integrator design C:/Users/elias/dev/ba/firmware/fpga/tmp/freq/freq.srcs/sources_1/bd/system/system.bd 
ERROR: [Common 17-39] 'generate_target' failed due to earlier errors.
undo
INFO: [Common 17-17] undo 'create_bd_cell -type module -reference frequency_counter frequency_counter_0'
save_bd_design
Wrote  : <C:\Users\elias\dev\ba\firmware\fpga\tmp\freq\freq.srcs\sources_1\bd\system\system.bd> 
Wrote  : <C:/Users/elias/dev/ba/firmware/fpga/tmp/freq/freq.srcs/sources_1/bd/system/ui/bd_c954508f.ui> 
set_property USED_IN {synthesis implementation simulation} [get_files C:/Users/elias/dev/ba/firmware/fpga/frequency_counter.v]
launch_simulation
Command: launch_simulation 
INFO: [Vivado 12-5682] Launching behavioral simulation in 'C:/Users/elias/dev/ba/firmware/fpga/tmp/freq/freq.sim/sim_1/behav/xsim'
INFO: [Vivado 12-4795] Using compiled simulation libraries for IPs
INFO: [SIM-utils-51] Simulation object is 'sim_1'
INFO: [USF-XSim-7] Finding pre-compiled libraries...
INFO: [USF-XSim-11] File 'C:/Xilinx/Vivado/2020.1/data/xsim/xsim.ini' copied to run dir:'C:/Users/elias/dev/ba/firmware/fpga/tmp/freq/freq.sim/sim_1/behav/xsim'
INFO: [SIM-utils-54] Inspecting design source files for 'system_wrapper' in fileset 'sim_1'...
WARNING: [SIM-utils-52] IP component XML file does not exist: 'c:/Users/elias/dev/ba/firmware/fpga/tmp/freq/freq.srcs/sources_1/bd/system/ip/system_frequency_counter_0_0/system_frequency_counter_0_0.xml'
INFO: [USF-XSim-97] Finding global include files...
INFO: [USF-XSim-98] Fetching design files from 'sim_1'...
INFO: [USF-XSim-2] XSim::Compile design
INFO: [USF-XSim-61] Executing 'COMPILE and ANALYZE' step in 'C:/Users/elias/dev/ba/firmware/fpga/tmp/freq/freq.sim/sim_1/behav/xsim'
"xvlog --incr --relax -L axi_vip_v1_1_7 -L processing_system7_vip_v1_0_9 -L xilinx_vip -prj system_wrapper_vlog.prj"
INFO: [VRFC 10-2263] Analyzing Verilog file "C:/Users/elias/dev/ba/firmware/fpga/tmp/freq/freq.ip_user_files/bd/system/ip/system_processing_system7_0_0/sim/system_processing_system7_0_0.v" into library xil_defaultlib
INFO: [VRFC 10-311] analyzing module system_processing_system7_0_0
INFO: [VRFC 10-2263] Analyzing Verilog file "C:/Users/elias/dev/ba/firmware/fpga/tmp/freq/freq.ip_user_files/bd/system/ipshared/d32c/src/axis_red_pitaya_adc.v" into library xil_defaultlib
INFO: [VRFC 10-311] analyzing module axis_red_pitaya_adc
INFO: [VRFC 10-2263] Analyzing Verilog file "C:/Users/elias/dev/ba/firmware/fpga/tmp/freq/freq.ip_user_files/bd/system/ip/system_axis_red_pitaya_adc_0_0/sim/system_axis_red_pitaya_adc_0_0.v" into library xil_defaultlib
INFO: [VRFC 10-311] analyzing module system_axis_red_pitaya_adc_0_0
INFO: [VRFC 10-2263] Analyzing Verilog file "C:/Users/elias/dev/ba/firmware/fpga/tmp/freq/freq.ip_user_files/bd/system/ipshared/8b85/src/axis_red_pitaya_dac.v" into library xil_defaultlib
INFO: [VRFC 10-311] analyzing module axis_red_pitaya_dac
INFO: [VRFC 10-2263] Analyzing Verilog file "C:/Users/elias/dev/ba/firmware/fpga/tmp/freq/freq.ip_user_files/bd/system/ip/system_axis_red_pitaya_dac_0_0/sim/system_axis_red_pitaya_dac_0_0.v" into library xil_defaultlib
INFO: [VRFC 10-311] analyzing module system_axis_red_pitaya_dac_0_0
INFO: [VRFC 10-2263] Analyzing Verilog file "C:/Users/elias/dev/ba/firmware/fpga/tmp/freq/freq.ip_user_files/bd/system/ip/system_clk_wiz_0_0/system_clk_wiz_0_0_clk_wiz.v" into library xil_defaultlib
INFO: [VRFC 10-311] analyzing module system_clk_wiz_0_0_clk_wiz
INFO: [VRFC 10-2263] Analyzing Verilog file "C:/Users/elias/dev/ba/firmware/fpga/tmp/freq/freq.ip_user_files/bd/system/ip/system_clk_wiz_0_0/system_clk_wiz_0_0.v" into library xil_defaultlib
INFO: [VRFC 10-311] analyzing module system_clk_wiz_0_0
INFO: [VRFC 10-2263] Analyzing Verilog file "C:/Users/elias/dev/ba/firmware/fpga/tmp/freq/freq.ip_user_files/bd/system/ip/system_auto_pc_0/sim/system_auto_pc_0.v" into library xil_defaultlib
INFO: [VRFC 10-311] analyzing module system_auto_pc_0
INFO: [VRFC 10-2263] Analyzing Verilog file "C:/Users/elias/dev/ba/firmware/fpga/tmp/freq/freq.ip_user_files/bd/system/sim/system.v" into library xil_defaultlib
INFO: [VRFC 10-311] analyzing module s00_couplers_imp_11SE3QO
INFO: [VRFC 10-311] analyzing module system
INFO: [VRFC 10-311] analyzing module system_ps7_0_axi_periph_0
INFO: [VRFC 10-2263] Analyzing Verilog file "C:/Users/elias/dev/ba/firmware/fpga/tmp/freq/freq.srcs/sources_1/bd/system/hdl/system_wrapper.v" into library xil_defaultlib
INFO: [VRFC 10-311] analyzing module system_wrapper
INFO: [VRFC 10-2263] Analyzing Verilog file "C:/Users/elias/dev/ba/firmware/fpga/tmp/freq/freq.sim/sim_1/behav/xsim/glbl.v" into library xil_defaultlib
INFO: [VRFC 10-311] analyzing module glbl
"xvhdl --incr --relax -prj system_wrapper_vhdl.prj"
INFO: [VRFC 10-163] Analyzing VHDL file "C:/Users/elias/dev/ba/firmware/fpga/tmp/freq/freq.ip_user_files/bd/system/ip/system_util_ds_buf_1_0/util_ds_buf.vhd" into library xil_defaultlib
INFO: [VRFC 10-3107] analyzing entity 'util_ds_buf'
INFO: [VRFC 10-163] Analyzing VHDL file "C:/Users/elias/dev/ba/firmware/fpga/tmp/freq/freq.ip_user_files/bd/system/ip/system_util_ds_buf_1_0/sim/system_util_ds_buf_1_0.vhd" into library xil_defaultlib
INFO: [VRFC 10-3107] analyzing entity 'system_util_ds_buf_1_0'
INFO: [VRFC 10-163] Analyzing VHDL file "C:/Users/elias/dev/ba/firmware/fpga/tmp/freq/freq.ip_user_files/bd/system/ip/system_util_ds_buf_2_0/sim/system_util_ds_buf_2_0.vhd" into library xil_defaultlib
INFO: [VRFC 10-3107] analyzing entity 'system_util_ds_buf_2_0'
INFO: [VRFC 10-163] Analyzing VHDL file "C:/Users/elias/dev/ba/firmware/fpga/tmp/freq/freq.ip_user_files/bd/system/ip/system_axi_gpio_0_0/sim/system_axi_gpio_0_0.vhd" into library xil_defaultlib
INFO: [VRFC 10-3107] analyzing entity 'system_axi_gpio_0_0'
INFO: [VRFC 10-163] Analyzing VHDL file "C:/Users/elias/dev/ba/firmware/fpga/tmp/freq/freq.ip_user_files/bd/system/ip/system_dds_compiler_0_0/sim/system_dds_compiler_0_0.vhd" into library xil_defaultlib
INFO: [VRFC 10-3107] analyzing entity 'system_dds_compiler_0_0'
INFO: [VRFC 10-163] Analyzing VHDL file "C:/Users/elias/dev/ba/firmware/fpga/tmp/freq/freq.ip_user_files/bd/system/ip/system_rst_ps7_0_125M_0/sim/system_rst_ps7_0_125M_0.vhd" into library xil_defaultlib
INFO: [VRFC 10-3107] analyzing entity 'system_rst_ps7_0_125M_0'
run_program: Time (s): cpu = 00:00:01 ; elapsed = 00:00:06 . Memory (MB): peak = 2155.051 ; gain = 0.000
INFO: [USF-XSim-69] 'compile' step finished in '7' seconds
INFO: [USF-XSim-3] XSim::Elaborate design
INFO: [USF-XSim-61] Executing 'ELABORATE' step in 'C:/Users/elias/dev/ba/firmware/fpga/tmp/freq/freq.sim/sim_1/behav/xsim'
"xelab -wto d19cf4493fd74c9e8058a82632ad1372 --incr --debug typical --relax --mt 2 -L axi_infrastructure_v1_1_0 -L axi_vip_v1_1_7 -L processing_system7_vip_v1_0_9 -L xil_defaultlib -L axi_lite_ipif_v3_0_4 -L lib_cdc_v1_0_2 -L interrupt_control_v3_1_4 -L axi_gpio_v2_0_23 -L xbip_utils_v3_0_10 -L axi_utils_v2_0_6 -L xbip_pipe_v3_0_6 -L xbip_bram18k_v3_0_6 -L mult_gen_v12_0_16 -L xbip_dsp48_wrapper_v3_0_4 -L xbip_dsp48_addsub_v3_0_6 -L xbip_dsp48_multadd_v3_0_6 -L dds_compiler_v6_0_20 -L generic_baseblocks_v2_1_0 -L fifo_generator_v13_2_5 -L axi_data_fifo_v2_1_20 -L axi_register_slice_v2_1_21 -L axi_protocol_converter_v2_1_21 -L proc_sys_reset_v5_0_13 -L xilinx_vip -L unisims_ver -L unimacro_ver -L secureip -L xpm --snapshot system_wrapper_behav xil_defaultlib.system_wrapper xil_defaultlib.glbl -log elaborate.log"
Vivado Simulator 2020.1
Copyright 1986-1999, 2001-2020 Xilinx, Inc. All Rights Reserved.
Running: C:/Xilinx/Vivado/2020.1/bin/unwrapped/win64.o/xelab.exe -wto d19cf4493fd74c9e8058a82632ad1372 --incr --debug typical --relax --mt 2 -L axi_infrastructure_v1_1_0 -L axi_vip_v1_1_7 -L processing_system7_vip_v1_0_9 -L xil_defaultlib -L axi_lite_ipif_v3_0_4 -L lib_cdc_v1_0_2 -L interrupt_control_v3_1_4 -L axi_gpio_v2_0_23 -L xbip_utils_v3_0_10 -L axi_utils_v2_0_6 -L xbip_pipe_v3_0_6 -L xbip_bram18k_v3_0_6 -L mult_gen_v12_0_16 -L xbip_dsp48_wrapper_v3_0_4 -L xbip_dsp48_addsub_v3_0_6 -L xbip_dsp48_multadd_v3_0_6 -L dds_compiler_v6_0_20 -L generic_baseblocks_v2_1_0 -L fifo_generator_v13_2_5 -L axi_data_fifo_v2_1_20 -L axi_register_slice_v2_1_21 -L axi_protocol_converter_v2_1_21 -L proc_sys_reset_v5_0_13 -L xilinx_vip -L unisims_ver -L unimacro_ver -L secureip -L xpm --snapshot system_wrapper_behav xil_defaultlib.system_wrapper xil_defaultlib.glbl -log elaborate.log 
Using 2 slave threads.
Starting static elaboration
Pass Through NonSizing Optimizer
WARNING: [VRFC 10-3091] actual bit length 128 differs from formal bit length 64 for port 'WR_DATA_STRB' [/scratch/proj/xbuilds/SWIP/2020.1_0602_1208/infra/XSIM/lin/.cxl.ip/incl/processing_system7_vip_v1_0_9_axi_gp.v:208]
WARNING: [VRFC 10-3091] actual bit length 12 differs from formal bit length 6 for port 'm_axi_bid' [/wrk/2020.1/nightly/2020_05_27_2902540/packages/customer/vivado/data/ip/xilinx/processing_system7_vip_v1_0/hdl/processing_system7_vip_v1_0_vl_rfs.sv:5496]
WARNING: [VRFC 10-3091] actual bit length 12 differs from formal bit length 6 for port 'm_axi_rid' [/wrk/2020.1/nightly/2020_05_27_2902540/packages/customer/vivado/data/ip/xilinx/processing_system7_vip_v1_0/hdl/processing_system7_vip_v1_0_vl_rfs.sv:5514]
WARNING: [VRFC 10-3091] actual bit length 128 differs from formal bit length 64 for port 'WR_DATA_STRB' [/scratch/proj/xbuilds/SWIP/2020.1_0602_1208/infra/XSIM/lin/.cxl.ip/incl/processing_system7_vip_v1_0_9_axi_gp.v:292]
WARNING: [VRFC 10-3091] actual bit length 8 differs from formal bit length 9 for port 'WR_BYTES' [/scratch/proj/xbuilds/SWIP/2020.1_0602_1208/infra/XSIM/lin/.cxl.ip/incl/processing_system7_vip_v1_0_9_axi_hp.v:80]
WARNING: [VRFC 10-3091] actual bit length 8 differs from formal bit length 9 for port 'RD_BYTES' [/scratch/proj/xbuilds/SWIP/2020.1_0602_1208/infra/XSIM/lin/.cxl.ip/incl/processing_system7_vip_v1_0_9_axi_hp.v:89]
WARNING: [VRFC 10-3091] actual bit length 12 differs from formal bit length 6 for port 'm_axi_bid' [/wrk/2020.1/nightly/2020_05_27_2902540/packages/customer/vivado/data/ip/xilinx/processing_system7_vip_v1_0/hdl/processing_system7_vip_v1_0_vl_rfs.sv:10203]
WARNING: [VRFC 10-3091] actual bit length 12 differs from formal bit length 6 for port 'm_axi_rid' [/wrk/2020.1/nightly/2020_05_27_2902540/packages/customer/vivado/data/ip/xilinx/processing_system7_vip_v1_0/hdl/processing_system7_vip_v1_0_vl_rfs.sv:10221]
WARNING: [VRFC 10-3091] actual bit length 32 differs from formal bit length 64 for port 'm_axi_rdata' [/wrk/2020.1/nightly/2020_05_27_2902540/packages/customer/vivado/data/ip/xilinx/processing_system7_vip_v1_0/hdl/processing_system7_vip_v1_0_vl_rfs.sv:10222]
WARNING: [VRFC 10-3091] actual bit length 8 differs from formal bit length 9 for port 'WR_BYTES' [/scratch/proj/xbuilds/SWIP/2020.1_0602_1208/infra/XSIM/lin/.cxl.ip/incl/processing_system7_vip_v1_0_9_axi_hp.v:165]
WARNING: [VRFC 10-3091] actual bit length 8 differs from formal bit length 9 for port 'RD_BYTES' [/scratch/proj/xbuilds/SWIP/2020.1_0602_1208/infra/XSIM/lin/.cxl.ip/incl/processing_system7_vip_v1_0_9_axi_hp.v:174]
WARNING: [VRFC 10-3091] actual bit length 8 differs from formal bit length 9 for port 'WR_BYTES' [/scratch/proj/xbuilds/SWIP/2020.1_0602_1208/infra/XSIM/lin/.cxl.ip/incl/processing_system7_vip_v1_0_9_axi_hp.v:251]
WARNING: [VRFC 10-3091] actual bit length 8 differs from formal bit length 9 for port 'RD_BYTES' [/scratch/proj/xbuilds/SWIP/2020.1_0602_1208/infra/XSIM/lin/.cxl.ip/incl/processing_system7_vip_v1_0_9_axi_hp.v:260]
WARNING: [VRFC 10-3091] actual bit length 8 differs from formal bit length 9 for port 'WR_BYTES' [/scratch/proj/xbuilds/SWIP/2020.1_0602_1208/infra/XSIM/lin/.cxl.ip/incl/processing_system7_vip_v1_0_9_axi_hp.v:337]
WARNING: [VRFC 10-3091] actual bit length 8 differs from formal bit length 9 for port 'RD_BYTES' [/scratch/proj/xbuilds/SWIP/2020.1_0602_1208/infra/XSIM/lin/.cxl.ip/incl/processing_system7_vip_v1_0_9_axi_hp.v:346]
WARNING: [VRFC 10-3091] actual bit length 12 differs from formal bit length 3 for port 'm_axi_bid' [/wrk/2020.1/nightly/2020_05_27_2902540/packages/customer/vivado/data/ip/xilinx/processing_system7_vip_v1_0/hdl/processing_system7_vip_v1_0_vl_rfs.sv:7107]
WARNING: [VRFC 10-3091] actual bit length 12 differs from formal bit length 3 for port 'm_axi_rid' [/wrk/2020.1/nightly/2020_05_27_2902540/packages/customer/vivado/data/ip/xilinx/processing_system7_vip_v1_0/hdl/processing_system7_vip_v1_0_vl_rfs.sv:7125]
WARNING: [VRFC 10-3091] actual bit length 32 differs from formal bit length 64 for port 'm_axi_rdata' [/wrk/2020.1/nightly/2020_05_27_2902540/packages/customer/vivado/data/ip/xilinx/processing_system7_vip_v1_0/hdl/processing_system7_vip_v1_0_vl_rfs.sv:7126]
WARNING: [VRFC 10-5021] port 'gpio_io_o' is not connected on this instance [C:/Users/elias/dev/ba/firmware/fpga/tmp/freq/freq.ip_user_files/bd/system/sim/system.v:506]
WARNING: [VRFC 10-5021] port 'mb_reset' is not connected on this instance [C:/Users/elias/dev/ba/firmware/fpga/tmp/freq/freq.ip_user_files/bd/system/sim/system.v:715]
WARNING: [VRFC 10-5021] port 'ENET0_GMII_RXD' is not connected on this instance [C:/Users/elias/dev/ba/firmware/fpga/tmp/freq/freq.ip_user_files/bd/system/ip/system_processing_system7_0_0/sim/system_processing_system7_0_0.v:323]
WARNING: [VRFC 10-3027] 'ocm_wr_strb_port0' was previously declared with a different range [/wrk/2020.1/nightly/2020_05_27_2902540/packages/customer/vivado/data/ip/xilinx/processing_system7_vip_v1_0/hdl/processing_system7_vip_v1_0_vl_rfs.sv:3759]
WARNING: [VRFC 10-5021] port 'aclk2x' is not connected on this instance [/wrk/2020.1/nightly/2020_05_27_2902540/packages/customer/vivado/data/ip/xilinx/axi_protocol_converter_v2_1/hdl/axi_protocol_converter_v2_1_vl_rfs.v:4376]
WARNING: [VRFC 10-5021] port 'aclk2x' is not connected on this instance [/wrk/2020.1/nightly/2020_05_27_2902540/packages/customer/vivado/data/ip/xilinx/axi_protocol_converter_v2_1/hdl/axi_protocol_converter_v2_1_vl_rfs.v:4631]
WARNING: [VRFC 10-3283] element index 64 into 'wrp_strb' is out of bounds [/wrk/2020.1/nightly/2020_05_27_2902540/packages/customer/vivado/data/ip/xilinx/processing_system7_vip_v1_0/hdl/processing_system7_vip_v1_0_vl_rfs.sv:6084]
WARNING: [VRFC 10-3283] element index 128 into 'wrp_strb' is out of bounds [/wrk/2020.1/nightly/2020_05_27_2902540/packages/customer/vivado/data/ip/xilinx/processing_system7_vip_v1_0/hdl/processing_system7_vip_v1_0_vl_rfs.sv:10844]
WARNING: [VRFC 10-3283] element index 128 into 'wrp_strb' is out of bounds [/wrk/2020.1/nightly/2020_05_27_2902540/packages/customer/vivado/data/ip/xilinx/processing_system7_vip_v1_0/hdl/processing_system7_vip_v1_0_vl_rfs.sv:7722]
WARNING: [VRFC 10-3705] select index 4 into 'wr_fifo_rd_ptr' is out of bounds [/wrk/2020.1/nightly/2020_05_27_2902540/packages/customer/vivado/data/ip/xilinx/processing_system7_vip_v1_0/hdl/processing_system7_vip_v1_0_vl_rfs.sv:7935]
WARNING: [VRFC 10-3705] select index 4 into 'ar_cnt' is out of bounds [/wrk/2020.1/nightly/2020_05_27_2902540/packages/customer/vivado/data/ip/xilinx/processing_system7_vip_v1_0/hdl/processing_system7_vip_v1_0_vl_rfs.sv:8074]
WARNING: [VRFC 10-3705] select index 4 into 'wr_rresp_cnt' is out of bounds [/wrk/2020.1/nightly/2020_05_27_2902540/packages/customer/vivado/data/ip/xilinx/processing_system7_vip_v1_0/hdl/processing_system7_vip_v1_0_vl_rfs.sv:8171]
WARNING: [VRFC 10-3705] select index 4 into 'rd_fifo_wr_ptr' is out of bounds [/wrk/2020.1/nightly/2020_05_27_2902540/packages/customer/vivado/data/ip/xilinx/processing_system7_vip_v1_0/hdl/processing_system7_vip_v1_0_vl_rfs.sv:8190]
WARNING: [VRFC 10-3705] select index 4 into 'rd_cnt' is out of bounds [/wrk/2020.1/nightly/2020_05_27_2902540/packages/customer/vivado/data/ip/xilinx/processing_system7_vip_v1_0/hdl/processing_system7_vip_v1_0_vl_rfs.sv:8331]
WARNING: [VRFC 10-3705] select index 4 into 'rresp_time_cnt' is out of bounds [/wrk/2020.1/nightly/2020_05_27_2902540/packages/customer/vivado/data/ip/xilinx/processing_system7_vip_v1_0/hdl/processing_system7_vip_v1_0_vl_rfs.sv:8336]
WARNING: [VRFC 10-3705] select index 4 into 'rd_fifo_rd_ptr' is out of bounds [/wrk/2020.1/nightly/2020_05_27_2902540/packages/customer/vivado/data/ip/xilinx/processing_system7_vip_v1_0/hdl/processing_system7_vip_v1_0_vl_rfs.sv:8341]
Completed static elaboration
Starting simulation data flow analysis
Completed simulation data flow analysis
Time Resolution for simulation is 1ps
Compiling package std.standard
Compiling package std.textio
Compiling package ieee.std_logic_1164
Compiling package ieee.numeric_std
Compiling package ieee.std_logic_arith
Compiling package ieee.std_logic_unsigned
Compiling package synopsys.attributes
Compiling package ieee.std_logic_misc
Compiling package axi_lite_ipif_v3_0_4.ipif_pkg
Compiling package unisim.vcomponents
Compiling package ieee.vital_timing
Compiling package ieee.vital_primitives
Compiling package unisim.vpkg
Compiling package xbip_utils_v3_0_10.xbip_utils_v3_0_10_pkg
Compiling package xbip_utils_v3_0_10.xcc_utils_v3_0
Compiling package dds_compiler_v6_0_20.dds_compiler_v6_0_20_viv_comp
Compiling package ieee.std_logic_signed
Compiling package dds_compiler_v6_0_20.pkg_dds_compiler_v6_0_20
Compiling package dds_compiler_v6_0_20.dds_compiler_v6_0_20_hdl_comps
Compiling package xbip_pipe_v3_0_6.xbip_pipe_v3_0_6_viv_comp
Compiling package axi_utils_v2_0_6.axi_utils_v2_0_6_pkg
Compiling package ieee.math_real
Compiling package axi_utils_v2_0_6.global_util_pkg
Compiling package axi_utils_v2_0_6.axi_utils_comps
Compiling package dds_compiler_v6_0_20.pkg_betas
Compiling package dds_compiler_v6_0_20.pkg_alphas
Compiling package xilinx_vip.axi_vip_pkg
Compiling package xilinx_vip.xil_common_vip_pkg
Compiling package std.std
Compiling architecture imp of entity axi_lite_ipif_v3_0_4.pselect_f [\pselect_f(c_ab=2,c_aw=2,c_bar="...]
Compiling architecture imp of entity axi_lite_ipif_v3_0_4.pselect_f [\pselect_f(c_ab=2,c_aw=2,c_bar="...]
Compiling architecture imp of entity axi_lite_ipif_v3_0_4.pselect_f [\pselect_f(c_ab=2,c_aw=2,c_bar="...]
Compiling architecture imp of entity axi_lite_ipif_v3_0_4.pselect_f [\pselect_f(c_ab=2,c_aw=2,c_bar="...]
Compiling architecture imp of entity axi_lite_ipif_v3_0_4.address_decoder [\address_decoder(c_bus_awidth=9,...]
Compiling architecture imp of entity axi_lite_ipif_v3_0_4.slave_attachment [\slave_attachment(c_ard_addr_ran...]
Compiling architecture imp of entity axi_lite_ipif_v3_0_4.axi_lite_ipif [\axi_lite_ipif(c_s_axi_addr_widt...]
Compiling architecture fdre_v of entity unisim.FDRE [fdre_default]
Compiling architecture fdr_v of entity unisim.FDR [fdr_default]
Compiling architecture implementation of entity lib_cdc_v1_0_2.cdc_sync [\cdc_sync(c_single_bit=0,c_mtbf_...]
Compiling architecture imp of entity axi_gpio_v2_0_23.GPIO_Core [\GPIO_Core(c_aw=9,c_is_dual=1,c_...]
Compiling architecture imp of entity axi_gpio_v2_0_23.axi_gpio [\axi_gpio(c_family="zynq",c_all_...]
Compiling architecture system_axi_gpio_0_0_arch of entity xil_defaultlib.system_axi_gpio_0_0 [system_axi_gpio_0_0_default]
Compiling module unisims_ver.IBUFDS
Compiling module unisims_ver.IBUFGDS
Compiling module unisims_ver.BUFG
Compiling module xil_defaultlib.axis_red_pitaya_adc_default
Compiling module xil_defaultlib.system_axis_red_pitaya_adc_0_0
Compiling module unisims_ver.ODDR
Compiling module xil_defaultlib.axis_red_pitaya_dac_default
Compiling module xil_defaultlib.system_axis_red_pitaya_dac_0_0
Compiling module unisims_ver.IBUF
Compiling module unisims_ver.MMCME2_ADV(CLKFBOUT_MULT_F=8.0,C...
Compiling module xil_defaultlib.system_clk_wiz_0_0_clk_wiz
Compiling module xil_defaultlib.system_clk_wiz_0_0
Compiling architecture synth of entity xbip_pipe_v3_0_6.xbip_pipe_v3_0_6_viv [\xbip_pipe_v3_0_6_viv(c_latency=...]
Compiling architecture synth of entity xbip_pipe_v3_0_6.xbip_pipe_v3_0_6_viv [\xbip_pipe_v3_0_6_viv(c_latency=...]
Compiling architecture synth of entity dds_compiler_v6_0_20.dds_compiler_v6_0_20_rdy [\dds_compiler_v6_0_20_rdy(c_has_...]
Compiling architecture synth of entity dds_compiler_v6_0_20.dither_wrap [\dither_wrap(ci_phase_err_width=...]
Compiling architecture synth of entity xbip_pipe_v3_0_6.xbip_pipe_v3_0_6_viv [\xbip_pipe_v3_0_6_viv(c_has_ce=1...]
Compiling architecture synth of entity xbip_pipe_v3_0_6.xbip_pipe_v3_0_6_viv [\xbip_pipe_v3_0_6_viv(c_has_ce=1...]
Compiling architecture synth of entity xbip_pipe_v3_0_6.xbip_pipe_v3_0_6_viv [\xbip_pipe_v3_0_6_viv(c_has_ce=1...]
Compiling architecture synth of entity xbip_pipe_v3_0_6.xbip_pipe_v3_0_6_viv [\xbip_pipe_v3_0_6_viv(c_latency=...]
Compiling architecture synth of entity dds_compiler_v6_0_20.pipe_add [\pipe_add(c_width=28,c_seg_width...]
Compiling architecture synth of entity dds_compiler_v6_0_20.accum [\accum(c_xdevicefamily="zynq",c_...]
Compiling architecture synth of entity xbip_pipe_v3_0_6.xbip_pipe_v3_0_6_viv [\xbip_pipe_v3_0_6_viv(c_latency=...]
Compiling architecture synth of entity xbip_pipe_v3_0_6.xbip_pipe_v3_0_6_viv [\xbip_pipe_v3_0_6_viv(c_latency=...]
Compiling architecture synth of entity xbip_pipe_v3_0_6.xbip_pipe_v3_0_6_viv [\xbip_pipe_v3_0_6_viv(c_latency=...]
Compiling architecture synth of entity xbip_pipe_v3_0_6.xbip_pipe_v3_0_6_viv [\xbip_pipe_v3_0_6_viv(c_latency=...]
Compiling architecture synth of entity dds_compiler_v6_0_20.sin_cos [\sin_cos(c_xdevicefamily="zynq",...]
Compiling architecture synth of entity xbip_pipe_v3_0_6.xbip_pipe_v3_0_6_viv [\xbip_pipe_v3_0_6_viv(c_has_ce=1...]
Compiling architecture synth of entity xbip_pipe_v3_0_6.xbip_pipe_v3_0_6_viv [\xbip_pipe_v3_0_6_viv(c_has_ce=1...]
Compiling architecture synth of entity dds_compiler_v6_0_20.dds_compiler_v6_0_20_core [\dds_compiler_v6_0_20_core(c_xde...]
Compiling architecture synth of entity dds_compiler_v6_0_20.dds_compiler_v6_0_20_viv [\dds_compiler_v6_0_20_viv(c_xdev...]
Compiling architecture xilinx of entity dds_compiler_v6_0_20.dds_compiler_v6_0_20 [\dds_compiler_v6_0_20(c_xdevicef...]
Compiling architecture system_dds_compiler_0_0_arch of entity xil_defaultlib.system_dds_compiler_0_0 [system_dds_compiler_0_0_default]
Compiling module processing_system7_vip_v1_0_9.processing_system7_vip_v1_0_9_ge...
Compiling module processing_system7_vip_v1_0_9.processing_system7_vip_v1_0_9_ge...
Compiling module processing_system7_vip_v1_0_9.processing_system7_vip_v1_0_9_ar...
Compiling module processing_system7_vip_v1_0_9.processing_system7_vip_v1_0_9_ar...
Compiling module processing_system7_vip_v1_0_9.processing_system7_vip_v1_0_9_fm...
Compiling module processing_system7_vip_v1_0_9.processing_system7_vip_v1_0_9_ar...
Compiling module processing_system7_vip_v1_0_9.processing_system7_vip_v1_0_9_ar...
Compiling module processing_system7_vip_v1_0_9.processing_system7_vip_v1_0_9_ar...
Compiling module processing_system7_vip_v1_0_9.processing_system7_vip_v1_0_9_ar...
Compiling module processing_system7_vip_v1_0_9.processing_system7_vip_v1_0_9_ss...
Compiling module processing_system7_vip_v1_0_9.processing_system7_vip_v1_0_9_in...
Compiling module processing_system7_vip_v1_0_9.processing_system7_vip_v1_0_9_sp...
Compiling module processing_system7_vip_v1_0_9.processing_system7_vip_v1_0_9_dd...
Compiling module processing_system7_vip_v1_0_9.processing_system7_vip_v1_0_9_oc...
Compiling module processing_system7_vip_v1_0_9.processing_system7_vip_v1_0_9_oc...
Compiling module processing_system7_vip_v1_0_9.processing_system7_vip_v1_0_9_re...
Compiling module processing_system7_vip_v1_0_9.processing_system7_vip_v1_0_9_re...
Compiling module xilinx_vip.axi_vip_axi4pc(WDATA_WIDTH=32,RD...
Compiling module xilinx_vip.cb
Compiling module xilinx_vip.axi_vip_if(C_AXI_PROTOCOL=1,C_AX...
Compiling module axi_vip_v1_1_7.axi_vip_v1_1_7_top(C_AXI_PROTOCO...
Compiling module processing_system7_vip_v1_0_9.processing_system7_vip_v1_0_9_ax...
Compiling module processing_system7_vip_v1_0_9.processing_system7_vip_v1_0_9_ax...
Compiling module xilinx_vip.axi_vip_axi4pc(WDATA_WIDTH=32,RD...
Compiling module xilinx_vip.cb
Compiling module xilinx_vip.axi_vip_if(C_AXI_PROTOCOL=1,C_AX...
Compiling module axi_vip_v1_1_7.axi_vip_v1_1_7_top(C_AXI_PROTOCO...
Compiling module processing_system7_vip_v1_0_9.processing_system7_vip_v1_0_9_ax...
Compiling module processing_system7_vip_v1_0_9.processing_system7_vip_v1_0_9_ax...
Compiling module xilinx_vip.axi_vip_axi4pc(PROTOCOL=1,RID_WI...
Compiling module xilinx_vip.cb
Compiling module xilinx_vip.axi_vip_if(C_AXI_PROTOCOL=1,C_AX...
Compiling module axi_vip_v1_1_7.axi_vip_v1_1_7_top(C_AXI_PROTOCO...
Compiling module processing_system7_vip_v1_0_9.processing_system7_vip_v1_0_9_in...
Compiling module processing_system7_vip_v1_0_9.processing_system7_vip_v1_0_9_af...
Compiling module processing_system7_vip_v1_0_9.processing_system7_vip_v1_0_9_af...
Compiling module processing_system7_vip_v1_0_9.processing_system7_vip_v1_0_9_af...
Compiling module processing_system7_vip_v1_0_9.processing_system7_vip_v1_0_9_af...
Compiling module xilinx_vip.axi_vip_axi4pc(PROTOCOL=1,RID_WI...
Compiling module xilinx_vip.cb
Compiling module xilinx_vip.axi_vip_if(C_AXI_PROTOCOL=1,C_AX...
Compiling module axi_vip_v1_1_7.axi_vip_v1_1_7_top(C_AXI_PROTOCO...
Compiling module processing_system7_vip_v1_0_9.processing_system7_vip_v1_0_9_ax...
Compiling module processing_system7_vip_v1_0_9.processing_system7_vip_v1_0_9(C_...
Compiling module xil_defaultlib.system_processing_system7_0_0
Compiling module axi_infrastructure_v1_1_0.axi_infrastructure_v1_1_0_axi2ve...
Compiling module axi_infrastructure_v1_1_0.axi_infrastructure_v1_1_0_vector...
Compiling module axi_register_slice_v2_1_21.axi_register_slice_v2_1_21_axic_...
Compiling module axi_register_slice_v2_1_21.axi_register_slice_v2_1_21_axic_...
Compiling module axi_register_slice_v2_1_21.axi_register_slice_v2_1_21_axic_...
Compiling module axi_register_slice_v2_1_21.axi_register_slice_v2_1_21_axic_...
Compiling module axi_register_slice_v2_1_21.axi_register_slice_v2_1_21_axi_r...
Compiling module axi_protocol_converter_v2_1_21.axi_protocol_converter_v2_1_21_b...
Compiling module axi_protocol_converter_v2_1_21.axi_protocol_converter_v2_1_21_b...
Compiling module axi_protocol_converter_v2_1_21.axi_protocol_converter_v2_1_21_b...
Compiling module axi_protocol_converter_v2_1_21.axi_protocol_converter_v2_1_21_b...
Compiling module axi_protocol_converter_v2_1_21.axi_protocol_converter_v2_1_21_b...
Compiling module axi_protocol_converter_v2_1_21.axi_protocol_converter_v2_1_21_b...
Compiling module axi_protocol_converter_v2_1_21.axi_protocol_converter_v2_1_21_b...
Compiling module axi_protocol_converter_v2_1_21.axi_protocol_converter_v2_1_21_b...
Compiling module axi_protocol_converter_v2_1_21.axi_protocol_converter_v2_1_21_b...
Compiling module axi_protocol_converter_v2_1_21.axi_protocol_converter_v2_1_21_b...
Compiling module axi_protocol_converter_v2_1_21.axi_protocol_converter_v2_1_21_b...
Compiling module axi_protocol_converter_v2_1_21.axi_protocol_converter_v2_1_21_b...
Compiling module axi_protocol_converter_v2_1_21.axi_protocol_converter_v2_1_21_b...
Compiling module axi_infrastructure_v1_1_0.axi_infrastructure_v1_1_0_axi2ve...
Compiling module axi_infrastructure_v1_1_0.axi_infrastructure_v1_1_0_vector...
Compiling module axi_register_slice_v2_1_21.axi_register_slice_v2_1_21_axic_...
Compiling module axi_register_slice_v2_1_21.axi_register_slice_v2_1_21_axic_...
Compiling module axi_register_slice_v2_1_21.axi_register_slice_v2_1_21_axic_...
Compiling module axi_register_slice_v2_1_21.axi_register_slice_v2_1_21_axic_...
Compiling module axi_register_slice_v2_1_21.axi_register_slice_v2_1_21_axi_r...
Compiling module axi_protocol_converter_v2_1_21.axi_protocol_converter_v2_1_21_b...
Compiling module axi_protocol_converter_v2_1_21.axi_protocol_converter_v2_1_21_a...
Compiling module xil_defaultlib.system_auto_pc_0
Compiling module xil_defaultlib.s00_couplers_imp_11SE3QO
Compiling module xil_defaultlib.system_ps7_0_axi_periph_0
Compiling architecture fdre_v of entity unisim.FDRE [\FDRE(init='1')\]
Compiling architecture implementation of entity lib_cdc_v1_0_2.cdc_sync [\cdc_sync(c_vector_width=2,c_mtb...]
Compiling architecture srl16e_v of entity unisim.SRL16E [\SRL16E(init="1111111111111111")...]
Compiling architecture srl16_v of entity unisim.SRL16 [\SRL16(init="1111111111111111")(...]
Compiling architecture imp of entity proc_sys_reset_v5_0_13.lpf [\lpf(c_ext_rst_width=4,c_aux_rst...]
Compiling architecture imp of entity proc_sys_reset_v5_0_13.upcnt_n [\upcnt_n(c_size=6)\]
Compiling architecture imp of entity proc_sys_reset_v5_0_13.sequence_psr [sequence_psr_default]
Compiling architecture imp of entity proc_sys_reset_v5_0_13.proc_sys_reset [\proc_sys_reset(c_family="zynq",...]
Compiling architecture system_rst_ps7_0_125m_0_arch of entity xil_defaultlib.system_rst_ps7_0_125M_0 [system_rst_ps7_0_125m_0_default]
Compiling architecture ibufds_v of entity unisim.IBUFDS [\IBUFDS(1,9)(1,5)(1,1)(1,4)(1,7)...]
Compiling architecture imp of entity xil_defaultlib.util_ds_buf [\util_ds_buf(c_size=2,c_bufgce_d...]
Compiling architecture system_util_ds_buf_1_0_arch of entity xil_defaultlib.system_util_ds_buf_1_0 [system_util_ds_buf_1_0_default]
Compiling architecture obufds_v of entity unisim.OBUFDS [\OBUFDS(1,9)(1,7)(1,4)\]
Compiling architecture imp of entity xil_defaultlib.util_ds_buf [\util_ds_buf(c_buf_type="OBUFDS"...]
Compiling architecture system_util_ds_buf_2_0_arch of entity xil_defaultlib.system_util_ds_buf_2_0 [system_util_ds_buf_2_0_default]
Compiling module xil_defaultlib.system
Compiling module xil_defaultlib.system_wrapper
Compiling module xil_defaultlib.glbl
Built simulation snapshot system_wrapper_behav

****** Webtalk v2020.1 (64-bit)
  **** SW Build 2902540 on Wed May 27 19:54:49 MDT 2020
  **** IP Build 2902112 on Wed May 27 22:43:36 MDT 2020
    ** Copyright 1986-2020 Xilinx, Inc. All Rights Reserved.

source C:/Users/elias/dev/ba/firmware/fpga/tmp/freq/freq.sim/sim_1/behav/xsim/xsim.dir/system_wrapper_behav/webtalk/xsim_webtalk.tcl -notrace
INFO: [Common 17-206] Exiting Webtalk at Mon Jun 30 18:08:52 2025...
run_program: Time (s): cpu = 00:00:00 ; elapsed = 00:00:31 . Memory (MB): peak = 2155.051 ; gain = 0.000
INFO: [USF-XSim-69] 'elaborate' step finished in '31' seconds
INFO: [USF-XSim-4] XSim::Simulate design
INFO: [USF-XSim-61] Executing 'SIMULATE' step in 'C:/Users/elias/dev/ba/firmware/fpga/tmp/freq/freq.sim/sim_1/behav/xsim'
INFO: [USF-XSim-98] *** Running xsim
   with args "system_wrapper_behav -key {Behavioral:sim_1:Functional:system_wrapper} -tclbatch {system_wrapper.tcl} -protoinst "protoinst_files/system.protoinst" -log {simulate.log}"
INFO: [USF-XSim-8] Loading simulator feature
Vivado Simulator 2020.1
INFO: [Wavedata 42-565] Reading protoinst file protoinst_files/system.protoinst
INFO: [Wavedata 42-564]   Found protocol instance at /system_wrapper/system_i//axi_gpio_0/S_AXI
INFO: [Wavedata 42-564]   Found protocol instance at /system_wrapper/system_i//axis_red_pitaya_dac_0/S_AXIS
INFO: [Wavedata 42-564]   Found protocol instance at /system_wrapper/system_i//dds_compiler_0/M_AXIS_DATA
INFO: [Wavedata 42-564]   Found protocol instance at /system_wrapper/system_i//processing_system7_0/M_AXI_GP0
INFO: [Wavedata 42-564]   Found protocol instance at /system_wrapper/system_i//ps7_0_axi_periph/M00_AXI
INFO: [Wavedata 42-564]   Found protocol instance at /system_wrapper/system_i//ps7_0_axi_periph/S00_AXI
INFO: [Wavedata 42-564]   Found protocol instance at /system_wrapper/system_i//ps7_0_axi_periph/s00_couplers/M_AXI
INFO: [Wavedata 42-564]   Found protocol instance at /system_wrapper/system_i//ps7_0_axi_periph/s00_couplers/S_AXI
INFO: [Wavedata 42-564]   Found protocol instance at /system_wrapper/system_i//ps7_0_axi_periph/s00_couplers/auto_pc/M_AXI
INFO: [Wavedata 42-564]   Found protocol instance at /system_wrapper/system_i//ps7_0_axi_periph/s00_couplers/auto_pc/S_AXI
Time resolution is 1 ps
source system_wrapper.tcl
# set curr_wave [current_wave_config]
# if { [string length $curr_wave] == 0 } {
#   if { [llength [get_objects]] > 0} {
#     add_wave /
#     set_property needs_save false [current_wave_config]
#   } else {
#      send_msg_id Add_Wave-1 WARNING "No top level signals found. Simulator will start without a wave window. If you want to open a wave window go to 'File->New Waveform Configuration' or type 'create_wave_config' in the TCL console."
#   }
# }
# run 1000ns
XilinxAXIVIP: Found at Path: system_wrapper.system_i.processing_system7_0.inst.M_AXI_GP0.master
[0] : *ZYNQ_VIP_INFO : M_AXI_GP0 : Port is ENABLED.
XilinxAXIVIP: Found at Path: system_wrapper.system_i.processing_system7_0.inst.M_AXI_GP1.master
[0] : *ZYNQ_VIP_INFO : M_AXI_GP1 : Port is DISABLED.
XilinxAXIVIP: Found at Path: system_wrapper.system_i.processing_system7_0.inst.S_AXI_GP0.slave
[0] : *ZYNQ_VIP_INFO : S_AXI_GP0 : Port is DISABLED.
XilinxAXIVIP: Found at Path: system_wrapper.system_i.processing_system7_0.inst.S_AXI_GP1.slave
[0] : *ZYNQ_VIP_INFO : S_AXI_GP1 : Port is DISABLED.
XilinxAXIVIP: Found at Path: system_wrapper.system_i.processing_system7_0.inst.S_AXI_HP0.slave
[0] : *ZYNQ_VIP_INFO : S_AXI_HP0 : Port is ENABLED.
                   0 BEFORE checking line ...... x
                   0 AFTER checking line ...... x
XilinxAXIVIP: Found at Path: system_wrapper.system_i.processing_system7_0.inst.S_AXI_HP1.slave
[0] : *ZYNQ_VIP_INFO : S_AXI_HP1 : Port is DISABLED.
                   0 BEFORE checking line ...... x
                   0 AFTER checking line ...... x
XilinxAXIVIP: Found at Path: system_wrapper.system_i.processing_system7_0.inst.S_AXI_HP2.slave
[0] : *ZYNQ_VIP_INFO : S_AXI_HP2 : Port is DISABLED.
                   0 BEFORE checking line ...... x
                   0 AFTER checking line ...... x
XilinxAXIVIP: Found at Path: system_wrapper.system_i.processing_system7_0.inst.S_AXI_HP3.slave
[0] : *ZYNQ_VIP_INFO : S_AXI_HP3 : Port is DISABLED.
                   0 BEFORE checking line ...... x
                   0 AFTER checking line ...... x
XilinxAXIVIP: Found at Path: system_wrapper.system_i.processing_system7_0.inst.S_AXI_ACP.slave
[0] : *ZYNQ_VIP_INFO : S_AXI_ACP : Port is DISABLED.
                   0 else checking line ......x
WARNING: 4 ns system_wrapper.system_i.processing_system7_0.inst.M_AXI_GP0.master.IF : ARESET_N can't be X/Z after 1 cycle of clock. To downgrade, use <hierarchy_path to VIP>.IF.set_enable_xchecks_to_warn(), or filter using clr_enable_xchecks.
WARNING: 4 ns system_wrapper.system_i.processing_system7_0.inst.S_AXI_HP0.slave.IF : ARESET_N can't be X/Z after 1 cycle of clock. To downgrade, use <hierarchy_path to VIP>.IF.set_enable_xchecks_to_warn(), or filter using clr_enable_xchecks.
                   4 else checking line ......1
xsim: Time (s): cpu = 00:00:05 ; elapsed = 00:00:06 . Memory (MB): peak = 2243.883 ; gain = 86.074
INFO: [USF-XSim-96] XSim completed. Design snapshot 'system_wrapper_behav' loaded.
INFO: [USF-XSim-97] XSim simulation ran for 1000ns
launch_simulation: Time (s): cpu = 00:00:08 ; elapsed = 00:00:46 . Memory (MB): peak = 2243.883 ; gain = 88.832
close [ open C:/Users/elias/dev/ba/firmware/fpga/tmp/freq/freq.srcs/sources_1/new/signal_clipper.v w ]
add_files C:/Users/elias/dev/ba/firmware/fpga/tmp/freq/freq.srcs/sources_1/new/signal_clipper.v
update_compile_order -fileset sources_1
close [ open C:/Users/elias/dev/ba/firmware/fpga/tmp/freq/freq.srcs/sources_1/new/freq_to_voltage.v w ]
add_files C:/Users/elias/dev/ba/firmware/fpga/tmp/freq/freq.srcs/sources_1/new/freq_to_voltage.v
update_compile_order -fileset sources_1
open_bd_design {C:/Users/elias/dev/ba/firmware/fpga/tmp/freq/freq.srcs/sources_1/bd/system/system.bd}
open_bd_design {C:/Users/elias/dev/ba/firmware/fpga/tmp/freq/freq.srcs/sources_1/bd/system/system.bd}
create_bd_cell -type module -reference signal_clipper signal_clipper_0
INFO: [IP_Flow 19-5107] Inferred bus interface 'clk' of definition 'xilinx.com:signal:clock:1.0' (from Xilinx Repository).
WARNING: [IP_Flow 19-5661] Bus Interface 'clk' does not have any bus interfaces associated with it.
INFO: [IP_Flow 19-234] Refreshing IP repositories
INFO: [IP_Flow 19-1700] Loaded user IP repository 'c:/Users/elias/dev/ba/firmware/fpga/tmp/cores'.
set_property location {1 463 348} [get_bd_cells signal_clipper_0]
set_property location {1 454 347} [get_bd_cells signal_clipper_0]
delete_bd_objs [get_bd_cells signal_clipper_0]
save_bd_design
Wrote  : <C:\Users\elias\dev\ba\firmware\fpga\tmp\freq\freq.srcs\sources_1\bd\system\system.bd> 
Wrote  : <C:/Users/elias/dev/ba/firmware/fpga/tmp/freq/freq.srcs/sources_1/bd/system/ui/bd_c954508f.ui> 
