#-----------------------------------------------------------
# Vivado v2020.1 (64-bit)
# SW Build 2902540 on Wed May 27 19:54:49 MDT 2020
# IP Build 2902112 on Wed May 27 22:43:36 MDT 2020
# Start of session at: Tue Jul  1 02:37:32 2025
# Process ID: 3672
# Current directory: C:/Users/elias/dev/ba/firmware/fpga/tmp/freq
# Command line: vivado.exe -gui_launcher_event rodinguilauncherevent7972 C:\Users\elias\dev\ba\firmware\fpga\tmp\freq\freq.xpr
# Log file: C:/Users/elias/dev/ba/firmware/fpga/tmp/freq/vivado.log
# Journal file: C:/Users/elias/dev/ba/firmware/fpga/tmp/freq\vivado.jou
#-----------------------------------------------------------
start_gui
open_project C:/Users/elias/dev/ba/firmware/fpga/tmp/freq/freq.xpr
Scanning sources...
Finished scanning sources
INFO: [IP_Flow 19-234] Refreshing IP repositories
INFO: [IP_Flow 19-1700] Loaded user IP repository 'c:/Users/elias/dev/ba/firmware/fpga/tmp/cores'.
INFO: [IP_Flow 19-2313] Loaded Vivado IP repository 'C:/Xilinx/Vivado/2020.1/data/ip'.
open_bd_design {C:/Users/elias/dev/ba/firmware/fpga/tmp/freq/freq.srcs/sources_1/bd/system/system.bd}
Adding component instance block -- xilinx.com:ip:util_ds_buf:2.1 - util_ds_buf_1
Adding component instance block -- xilinx.com:ip:util_ds_buf:2.1 - util_ds_buf_2
Adding component instance block -- xilinx.com:ip:axi_gpio:2.0 - axi_gpio_0
Adding component instance block -- xilinx.com:ip:processing_system7:5.5 - processing_system7_0
WARNING: [BD 41-176] The physical port 'S_AXI_GP2_rd_socket' specified in the portmap, is not found on the block! 
WARNING: [BD 41-176] The physical port 'S_AXI_GP2_wr_socket' specified in the portmap, is not found on the block! 
WARNING: [BD 41-176] The physical port 'S_AXI_GP3_rd_socket' specified in the portmap, is not found on the block! 
WARNING: [BD 41-176] The physical port 'S_AXI_GP3_wr_socket' specified in the portmap, is not found on the block! 
Adding component instance block -- xilinx.com:ip:proc_sys_reset:5.0 - rst_ps7_0_125M
Adding component instance block -- xilinx.com:ip:axi_interconnect:2.1 - ps7_0_axi_periph
Adding component instance block -- xilinx.com:ip:axi_protocol_converter:2.1 - auto_pc
Adding component instance block -- xilinx.com:ip:xlconstant:1.1 - xlc_reset
Adding component instance block -- pavel-demin:user:axis_red_pitaya_adc:1.0 - axis_red_pitaya_adc_0
Adding component instance block -- xilinx.com:module_ref:signal_split:1.0 - signal_split_0
Adding component instance block -- pavel-demin:user:axis_red_pitaya_dac:1.0 - axis_red_pitaya_dac_0
Adding component instance block -- pavel-demin:user:axis_constant:1.0 - axis_constant_0
Adding component instance block -- xilinx.com:ip:dds_compiler:6.0 - dds_compiler_0
Adding component instance block -- xilinx.com:ip:clk_wiz:6.0 - clk_wiz_0
Adding component instance block -- xilinx.com:ip:xlslice:1.0 - xls_phase
Adding component instance block -- xilinx.com:module_ref:pow2:1.0 - pow2_0
Adding component instance block -- xilinx.com:module_ref:frequency_counter:1.0 - frequency_counter_0
Adding component instance block -- xilinx.com:ip:xlslice:1.0 - xlslice_0
Adding component instance block -- xilinx.com:module_ref:signal_decoder:1.0 - signal_decoder_0
Successfully read diagram <system> from BD file <C:/Users/elias/dev/ba/firmware/fpga/tmp/freq/freq.srcs/sources_1/bd/system/system.bd>
update_compile_order -fileset sources_1
startgroup
create_bd_cell -type ip -vlnv pavel-demin:user:axis_red_pitaya_dac:1.0 axis_red_pitaya_dac_0
endgroup
delete_bd_objs [get_bd_cells axis_red_pitaya_dac_0]
copy_bd_objs /  [get_bd_ports {dac_dat_o}]
set_property location {2083 874} [get_bd_ports dac_dat_o]
undo
INFO: [Common 17-17] undo 'set_property location {2083 874} [get_bd_ports dac_dat_o]'
delete_bd_objs [get_bd_ports dac_dat_o1]
create_bd_cell -type module -reference frequency_counter frequency_counter_0
WARNING: [IP_Flow 19-3571] IP 'system_frequency_counter_0_1' is restricted:
* Detected changes to module reference file(s).
delete_bd_objs [get_bd_cells frequency_counter_0]
save_bd_design
Wrote  : <C:\Users\elias\dev\ba\firmware\fpga\tmp\freq\freq.srcs\sources_1\bd\system\system.bd> 
Wrote  : <C:/Users/elias/dev/ba/firmware/fpga/tmp/freq/freq.srcs/sources_1/bd/system/ui/bd_c954508f.ui> 
Wrote  : <C:/Users/elias/dev/ba/firmware/fpga/tmp/freq/freq.srcs/sources_1/bd/system/ui/bd_fb15793c.ui> 
Wrote  : <C:/Users/elias/dev/ba/firmware/fpga/tmp/freq/freq.srcs/sources_1/bd/system/ui/bd_8707aecf.ui> 
update_module_reference system_frequency_counter_0_0
INFO: [IP_Flow 19-5107] Inferred bus interface 'M_AXIS_OUT' of definition 'xilinx.com:interface:axis:1.0' (from Xilinx Repository).
INFO: [IP_Flow 19-5107] Inferred bus interface 'S_AXIS_IN' of definition 'xilinx.com:interface:axis:1.0' (from Xilinx Repository).
INFO: [IP_Flow 19-5107] Inferred bus interface 'rst' of definition 'xilinx.com:signal:reset:1.0' (from Xilinx Repository).
INFO: [IP_Flow 19-5107] Inferred bus interface 'clk' of definition 'xilinx.com:signal:clock:1.0' (from Xilinx Repository).
INFO: [IP_Flow 19-4728] Bus Interface 'clk': Added interface parameter 'ASSOCIATED_BUSIF' with value 'M_AXIS_OUT'.
INFO: [IP_Flow 19-4728] Bus Interface 'clk': Added interface parameter 'ASSOCIATED_RESET' with value 'rst'.
INFO: [IP_Flow 19-4728] Bus Interface 'S_AXIS_IN': Added interface parameter 'FREQ_HZ' with value '125000000'.
INFO: [IP_Flow 19-234] Refreshing IP repositories
INFO: [IP_Flow 19-1700] Loaded user IP repository 'c:/Users/elias/dev/ba/firmware/fpga/tmp/cores'.
Upgrading 'C:/Users/elias/dev/ba/firmware/fpga/tmp/freq/freq.srcs/sources_1/bd/system/system.bd'
INFO: [IP_Flow 19-1972] Upgraded system_frequency_counter_0_0 from frequency_counter_v1_0 1.0 to frequency_counter_v1_0 1.0
Wrote  : <C:\Users\elias\dev\ba\firmware\fpga\tmp\freq\freq.srcs\sources_1\bd\system\system.bd> 
Wrote  : <C:/Users/elias/dev/ba/firmware/fpga/tmp/freq/freq.srcs/sources_1/bd/system/ui/bd_c954508f.ui> 
Wrote  : <C:/Users/elias/dev/ba/firmware/fpga/tmp/freq/freq.srcs/sources_1/bd/system/ui/bd_fb15793c.ui> 
Wrote  : <C:/Users/elias/dev/ba/firmware/fpga/tmp/freq/freq.srcs/sources_1/bd/system/ui/bd_8707aecf.ui> 
update_module_reference system_pow2_0_0
INFO: [IP_Flow 19-234] Refreshing IP repositories
INFO: [IP_Flow 19-1700] Loaded user IP repository 'c:/Users/elias/dev/ba/firmware/fpga/tmp/cores'.
Upgrading 'C:/Users/elias/dev/ba/firmware/fpga/tmp/freq/freq.srcs/sources_1/bd/system/system.bd'
INFO: [IP_Flow 19-1972] Upgraded system_pow2_0_0 from pow2_v1_0 1.0 to pow2_v1_0 1.0
Wrote  : <C:\Users\elias\dev\ba\firmware\fpga\tmp\freq\freq.srcs\sources_1\bd\system\system.bd> 
Wrote  : <C:/Users/elias/dev/ba/firmware/fpga/tmp/freq/freq.srcs/sources_1/bd/system/ui/bd_c954508f.ui> 
Wrote  : <C:/Users/elias/dev/ba/firmware/fpga/tmp/freq/freq.srcs/sources_1/bd/system/ui/bd_fb15793c.ui> 
Wrote  : <C:/Users/elias/dev/ba/firmware/fpga/tmp/freq/freq.srcs/sources_1/bd/system/ui/bd_8707aecf.ui> 
create_bd_cell -type module -reference freq_to_voltage freq_to_voltage_0
set_property location {5 1505 953} [get_bd_cells freq_to_voltage_0]
connect_bd_net [get_bd_pins freq_to_voltage_0/frequency_in] [get_bd_pins FrequencyCounter/counter_output]
connect_bd_net [get_bd_pins freq_to_voltage_0/clk] [get_bd_pins DataAcquisition/adc_clk]
delete_bd_objs [get_bd_nets axis_red_pitaya_dac_0_dac_dat]
delete_bd_objs [get_bd_nets axis_red_pitaya_dac_0_dac_wrt]
delete_bd_objs [get_bd_nets axis_red_pitaya_dac_0_dac_sel]
delete_bd_objs [get_bd_nets axis_red_pitaya_dac_0_dac_rst]
delete_bd_objs [get_bd_nets axis_red_pitaya_dac_0_dac_clk]
connect_bd_net [get_bd_ports dac_dat_o] [get_bd_pins freq_to_voltage_0/voltage_out]
save_bd_design
Wrote  : <C:\Users\elias\dev\ba\firmware\fpga\tmp\freq\freq.srcs\sources_1\bd\system\system.bd> 
Wrote  : <C:/Users/elias/dev/ba/firmware/fpga/tmp/freq/freq.srcs/sources_1/bd/system/ui/bd_c954508f.ui> 
Wrote  : <C:/Users/elias/dev/ba/firmware/fpga/tmp/freq/freq.srcs/sources_1/bd/system/ui/bd_fb15793c.ui> 
Wrote  : <C:/Users/elias/dev/ba/firmware/fpga/tmp/freq/freq.srcs/sources_1/bd/system/ui/bd_8707aecf.ui> 
reset_run synth_1
launch_runs impl_1 -to_step write_bitstream -jobs 12
WARNING: [#UNDEF] When using EMIO pins for SPI_0 tie SSIN High in the PL bitstream
INFO: [xilinx.com:ip:clk_wiz:6.0-1] /SignalGenerator/clk_wiz_0 clk_wiz propagate
WARNING: [BD 41-926] Following properties on interface pin /SignalGenerator/axis_red_pitaya_dac_0/S_AXIS have been updated from connected ip, but BD cell '/SignalGenerator/axis_red_pitaya_dac_0' does not accept parameter changes, so they may not be synchronized with cell properties:
	LAYERED_METADATA = xilinx.com:interface:datatypes:1.0 {TDATA {datatype {name {attribs {resolve_type immediate dependency {} format string minimum {} maximum {}} value {}} bitwidth {attribs {resolve_type automatic dependency {} format long minimum {} maximum {}} value 30} bitoffset {attribs {resolve_type immediate dependency {} format long minimum {} maximum {}} value 0} array_type {name {attribs {resolve_type immediate dependency {} format string minimum {} maximum {}} value chan} size {attribs {resolve_type generated dependency chan_size format long minimum {} maximum {}} value 1} stride {attribs {resolve_type generated dependency chan_stride format long minimum {} maximum {}} value 32} datatype {name {attribs {resolve_type immediate dependency {} format string minimum {} maximum {}} value {}} bitwidth {attribs {resolve_type automatic dependency {} format long minimum {} maximum {}} value 30} bitoffset {attribs {resolve_type immediate dependency {} format long minimum {} maximum {}} value 0} struct {field_cosine {name {attribs {resolve_type immediate dependency {} format string minimum {} maximum {}} value cosine} enabled {attribs {resolve_type generated dependency cosine_enabled format bool minimum {} maximum {}} value true} datatype {name {attribs {resolve_type immediate dependency {} format string minimum {} maximum {}} value {}} bitwidth {attribs {resolve_type generated dependency cosine_width format long minimum {} maximum {}} value 14} bitoffset {attribs {resolve_type immediate dependency {} format long minimum {} maximum {}} value 0} real {fixed {fractwidth {attribs {resolve_type generated dependency cosine_fractwidth format long minimum {} maximum {}} value 12} signed {attribs {resolve_type immediate dependency {} format bool minimum {} maximum {}} value true}}}}} field_sine {name {attribs {resolve_type immediate dependency {} format string minimum {} maximum {}} value sine} enabled {attribs {resolve_type generated dependency sine_enabled format bool minimum {} maximum {}} value true} datatype {name {attribs {resolve_type immediate dependency {} format string minimum {} maximum {}} value {}} bitwidth {attribs {resolve_type generated dependency sine_width format long minimum {} maximum {}} value 14} bitoffset {attribs {resolve_type generated dependency sine_offset format long minimum {} maximum {}} value 16} real {fixed {fractwidth {attribs {resolve_type generated dependency sine_fractwidth format long minimum {} maximum {}} value 12} signed {attribs {resolve_type immediate dependency {} format bool minimum {} maximum {}} value true}}}}}}}}}} TDATA_WIDTH 32 TUSER {datatype {name {attribs {resolve_type immediate dependency {} format string minimum {} maximum {}} value {}} bitwidth {attribs {resolve_type automatic dependency {} format long minimum {} maximum {}} value 0} bitoffset {attribs {resolve_type immediate dependency {} format long minimum {} maximum {}} value 0} struct {field_chanid {name {attribs {resolve_type immediate dependency {} format string minimum {} maximum {}} value chanid} enabled {attribs {resolve_type generated dependency chanid_enabled format bool minimum {} maximum {}} value false} datatype {name {attribs {resolve_type immediate dependency {} format string minimum {} maximum {}} value {}} bitwidth {attribs {resolve_type generated dependency chanid_width format long minimum {} maximum {}} value 0} bitoffset {attribs {resolve_type immediate dependency {} format long minimum {} maximum {}} value 0} integer {signed {attribs {resolve_type immediate dependency {} format bool minimum {} maximum {}} value false}}}} field_user {name {attribs {resolve_type immediate dependency {} format string minimum {} maximum {}} value user} enabled {attribs {resolve_type generated dependency user_enabled format bool minimum {} maximum {}} value false} datatype {name {attribs {resolve_type immediate dependency {} format string minimum {} maximum {}} value {}} bitwidth {attribs {resolve_type generated dependency user_width format long minimum {} maximum {}} value 0} bitoffset {attribs {resolve_type generated dependency user_offset format long minimum {} maximum {}} value 0}}}}}} TUSER_WIDTH 0}

Please resolve any mismatches by directly setting properties on BD cell </SignalGenerator/axis_red_pitaya_dac_0> to completely resolve these warnings.
WARNING: [BD 41-927] Following properties on pin /signal_decoder_0/clk have been updated from connected ip, but BD cell '/signal_decoder_0' does not accept parameter changes, so they may not be synchronized with cell properties:
	FREQ_HZ = 125000000 
Please resolve any mismatches by directly setting properties on BD cell </signal_decoder_0> to completely resolve these warnings.
WARNING: [BD 41-927] Following properties on pin /freq_to_voltage_0/clk have been updated from connected ip, but BD cell '/freq_to_voltage_0' does not accept parameter changes, so they may not be synchronized with cell properties:
	FREQ_HZ = 125000000 
Please resolve any mismatches by directly setting properties on BD cell </freq_to_voltage_0> to completely resolve these warnings.
WARNING: [BD 41-927] Following properties on pin /SignalGenerator/axis_red_pitaya_dac_0/aclk have been updated from connected ip, but BD cell '/SignalGenerator/axis_red_pitaya_dac_0' does not accept parameter changes, so they may not be synchronized with cell properties:
	FREQ_HZ = 125000000 
Please resolve any mismatches by directly setting properties on BD cell </SignalGenerator/axis_red_pitaya_dac_0> to completely resolve these warnings.
WARNING: [BD 41-927] Following properties on pin /SignalGenerator/axis_red_pitaya_dac_0/ddr_clk have been updated from connected ip, but BD cell '/SignalGenerator/axis_red_pitaya_dac_0' does not accept parameter changes, so they may not be synchronized with cell properties:
	PHASE = 0.0 
Please resolve any mismatches by directly setting properties on BD cell </SignalGenerator/axis_red_pitaya_dac_0> to completely resolve these warnings.
WARNING: [BD 41-927] Following properties on pin /SignalGenerator/axis_constant_0/aclk have been updated from connected ip, but BD cell '/SignalGenerator/axis_constant_0' does not accept parameter changes, so they may not be synchronized with cell properties:
	FREQ_HZ = 125000000 
Please resolve any mismatches by directly setting properties on BD cell </SignalGenerator/axis_constant_0> to completely resolve these warnings.
WARNING: [BD 41-927] Following properties on pin /FrequencyCounter/frequency_counter_0/clk have been updated from connected ip, but BD cell '/FrequencyCounter/frequency_counter_0' does not accept parameter changes, so they may not be synchronized with cell properties:
	FREQ_HZ = 125000000 
Please resolve any mismatches by directly setting properties on BD cell </FrequencyCounter/frequency_counter_0> to completely resolve these warnings.
Wrote  : <C:\Users\elias\dev\ba\firmware\fpga\tmp\freq\freq.srcs\sources_1\bd\system\system.bd> 
Wrote  : <C:/Users/elias/dev/ba/firmware/fpga/tmp/freq/freq.srcs/sources_1/bd/system/ui/bd_c954508f.ui> 
Wrote  : <C:/Users/elias/dev/ba/firmware/fpga/tmp/freq/freq.srcs/sources_1/bd/system/ui/bd_fb15793c.ui> 
Wrote  : <C:/Users/elias/dev/ba/firmware/fpga/tmp/freq/freq.srcs/sources_1/bd/system/ui/bd_8707aecf.ui> 
CRITICAL WARNING: [BD 41-2383] Width mismatch when connecting input pin '/SignalGenerator/axis_constant_0/cfg_data'(32) to pin '/SignalGenerator/xls_phase/Dout'(27) - Only lower order bits will be connected, and other input bits of this pin will be left unconnected.
VHDL Output written to : C:/Users/elias/dev/ba/firmware/fpga/tmp/freq/freq.srcs/sources_1/bd/system/synth/system.v
CRITICAL WARNING: [BD 41-2383] Width mismatch when connecting input pin '/SignalGenerator/axis_constant_0/cfg_data'(32) to pin '/SignalGenerator/xls_phase/Dout'(27) - Only lower order bits will be connected, and other input bits of this pin will be left unconnected.
VHDL Output written to : C:/Users/elias/dev/ba/firmware/fpga/tmp/freq/freq.srcs/sources_1/bd/system/sim/system.v
VHDL Output written to : C:/Users/elias/dev/ba/firmware/fpga/tmp/freq/freq.srcs/sources_1/bd/system/hdl/system_wrapper.v
Wrote  : <C:/Users/elias/dev/ba/firmware/fpga/tmp/freq/freq.srcs/sources_1/bd/system/ui/bd_c954508f.ui> 
Wrote  : <C:/Users/elias/dev/ba/firmware/fpga/tmp/freq/freq.srcs/sources_1/bd/system/ui/bd_fb15793c.ui> 
Wrote  : <C:/Users/elias/dev/ba/firmware/fpga/tmp/freq/freq.srcs/sources_1/bd/system/ui/bd_8707aecf.ui> 
INFO: [BD 41-1029] Generation completed for the IP Integrator block FrequencyCounter/frequency_counter_0 .
INFO: [BD 41-1029] Generation completed for the IP Integrator block FrequencyCounter/pow2_0 .
INFO: [BD 41-1029] Generation completed for the IP Integrator block freq_to_voltage_0 .
WARNING: [IP_Flow 19-4994] Overwriting existing constraint file 'c:/Users/elias/dev/ba/firmware/fpga/tmp/freq/freq.srcs/sources_1/bd/system/ip/system_auto_pc_0/system_auto_pc_0_ooc.xdc'
INFO: [BD 41-1029] Generation completed for the IP Integrator block PS7/ps7_0_axi_periph/s00_couplers/auto_pc .
Exporting to file C:/Users/elias/dev/ba/firmware/fpga/tmp/freq/freq.srcs/sources_1/bd/system/hw_handoff/system.hwh
Generated Block Design Tcl file C:/Users/elias/dev/ba/firmware/fpga/tmp/freq/freq.srcs/sources_1/bd/system/hw_handoff/system_bd.tcl
Generated Hardware Definition File C:/Users/elias/dev/ba/firmware/fpga/tmp/freq/freq.srcs/sources_1/bd/system/synth/system.hwdef
WARNING: [BD 41-2265] Clock pin for protocol instance pin M_AXIS_PORT1 could not be determined. Make sure that ASSOCIATED_BUSIF and ASSOCIATED_RESET properties are set or propagated on clock pins of block /DataAcquisition
WARNING: [BD 41-2265] Clock pin for protocol instance pin M_AXIS_PORT1 could not be determined. Make sure that ASSOCIATED_BUSIF and ASSOCIATED_RESET properties are set or propagated on clock pins of block /DataAcquisition/signal_split_0
WARNING: [BD 41-2265] Clock pin for protocol instance pin S_AXIS could not be determined. Make sure that ASSOCIATED_BUSIF and ASSOCIATED_RESET properties are set or propagated on clock pins of block /DataAcquisition/signal_split_0
[Tue Jul  1 02:49:24 2025] Launched synth_1...
Run output will be captured here: C:/Users/elias/dev/ba/firmware/fpga/tmp/freq/freq.runs/synth_1/runme.log
[Tue Jul  1 02:49:24 2025] Launched impl_1...
Run output will be captured here: C:/Users/elias/dev/ba/firmware/fpga/tmp/freq/freq.runs/impl_1/runme.log
launch_runs: Time (s): cpu = 00:00:03 ; elapsed = 00:00:13 . Memory (MB): peak = 1265.859 ; gain = 0.000
open_run impl_1
INFO: [Device 21-403] Loading part xc7z010clg400-1
Netlist sorting complete. Time (s): cpu = 00:00:00 ; elapsed = 00:00:00.032 . Memory (MB): peak = 1328.113 ; gain = 0.000
INFO: [Netlist 29-17] Analyzing 140 Unisim elements for replacement
INFO: [Netlist 29-28] Unisim Transformation completed in 0 CPU seconds
INFO: [Project 1-479] Netlist was created with Vivado 2020.1
INFO: [Project 1-570] Preparing netlist for logic optimization
INFO: [Timing 38-478] Restoring timing data from binary archive.
INFO: [Timing 38-479] Binary timing data restore complete.
INFO: [Project 1-856] Restoring constraints from binary archive.
INFO: [Project 1-853] Binary constraint restore complete.
Reading XDEF placement.
Reading placer database...
Reading XDEF routing.
Read XDEF File: Time (s): cpu = 00:00:01 ; elapsed = 00:00:00.197 . Memory (MB): peak = 2023.398 ; gain = 0.000
Restored from archive | CPU: 1.000000 secs | Memory: 0.000000 MB |
Finished XDEF File Restore: Time (s): cpu = 00:00:01 ; elapsed = 00:00:00.198 . Memory (MB): peak = 2023.398 ; gain = 0.000
Netlist sorting complete. Time (s): cpu = 00:00:00 ; elapsed = 00:00:00.001 . Memory (MB): peak = 2023.398 ; gain = 0.000
INFO: [Project 1-111] Unisim Transformation Summary:
  A total of 2 instances were transformed.
  OBUFDS => OBUFDS_DUAL_BUF (INV, OBUFDS(x2)): 2 instances

open_run: Time (s): cpu = 00:00:12 ; elapsed = 00:00:09 . Memory (MB): peak = 2183.496 ; gain = 917.637
CRITICAL WARNING: [Timing 38-282] The design failed to meet the timing requirements. Please see the timing summary report for details on the timing violations.
open_bd_design {C:/Users/elias/dev/ba/firmware/fpga/tmp/freq/freq.srcs/sources_1/bd/system/system.bd}
delete_bd_objs [get_bd_nets freq_to_voltage_0_voltage_out]
connect_bd_net [get_bd_ports dac_dat_o] [get_bd_pins SignalGenerator/dac_dat_o]
connect_bd_net [get_bd_ports dac_wrt_o] [get_bd_pins SignalGenerator/dac_wrt_o]
connect_bd_net [get_bd_ports dac_sel_o] [get_bd_pins SignalGenerator/dac_sel_o]
connect_bd_net [get_bd_ports dac_rst_o] [get_bd_pins SignalGenerator/dac_rst_o]
connect_bd_net [get_bd_ports dac_clk_o] [get_bd_pins SignalGenerator/dac_clk_o]
save_bd_design
Wrote  : <C:\Users\elias\dev\ba\firmware\fpga\tmp\freq\freq.srcs\sources_1\bd\system\system.bd> 
Wrote  : <C:/Users/elias/dev/ba/firmware/fpga/tmp/freq/freq.srcs/sources_1/bd/system/ui/bd_c954508f.ui> 
Wrote  : <C:/Users/elias/dev/ba/firmware/fpga/tmp/freq/freq.srcs/sources_1/bd/system/ui/bd_fb15793c.ui> 
Wrote  : <C:/Users/elias/dev/ba/firmware/fpga/tmp/freq/freq.srcs/sources_1/bd/system/ui/bd_8707aecf.ui> 
delete_bd_objs [get_bd_nets signal_decoder_0_led_out]
set_property location {2116 941} [get_bd_ports led_o]
startgroup
create_bd_cell -type ip -vlnv xilinx.com:ip:xlslice:1.0 xlslice_0
endgroup
startgroup
connect_bd_net [get_bd_ports led_o] [get_bd_pins xlslice_0/Dout]
connect_bd_net [get_bd_pins xlslice_0/Dout] [get_bd_pins xlslice_0/Din]
endgroup
delete_bd_objs [get_bd_nets xlslice_0_Dout]
connect_bd_net [get_bd_pins freq_to_voltage_0/voltage_out] [get_bd_pins xlslice_0/Din]
connect_bd_net [get_bd_ports led_o] [get_bd_pins xlslice_0/Dout]
startgroup
set_property -dict [list CONFIG.DIN_FROM {7} CONFIG.DIN_WIDTH {14} CONFIG.DOUT_WIDTH {8}] [get_bd_cells xlslice_0]
endgroup
save_bd_design
Wrote  : <C:\Users\elias\dev\ba\firmware\fpga\tmp\freq\freq.srcs\sources_1\bd\system\system.bd> 
Wrote  : <C:/Users/elias/dev/ba/firmware/fpga/tmp/freq/freq.srcs/sources_1/bd/system/ui/bd_c954508f.ui> 
Wrote  : <C:/Users/elias/dev/ba/firmware/fpga/tmp/freq/freq.srcs/sources_1/bd/system/ui/bd_fb15793c.ui> 
Wrote  : <C:/Users/elias/dev/ba/firmware/fpga/tmp/freq/freq.srcs/sources_1/bd/system/ui/bd_8707aecf.ui> 
reset_run synth_1
launch_runs impl_1 -to_step write_bitstream -jobs 12
WARNING: [#UNDEF] When using EMIO pins for SPI_0 tie SSIN High in the PL bitstream
INFO: [xilinx.com:ip:clk_wiz:6.0-1] /SignalGenerator/clk_wiz_0 clk_wiz propagate
WARNING: [BD 41-926] Following properties on interface pin /SignalGenerator/axis_red_pitaya_dac_0/S_AXIS have been updated from connected ip, but BD cell '/SignalGenerator/axis_red_pitaya_dac_0' does not accept parameter changes, so they may not be synchronized with cell properties:
	LAYERED_METADATA = xilinx.com:interface:datatypes:1.0 {TDATA {datatype {name {attribs {resolve_type immediate dependency {} format string minimum {} maximum {}} value {}} bitwidth {attribs {resolve_type automatic dependency {} format long minimum {} maximum {}} value 30} bitoffset {attribs {resolve_type immediate dependency {} format long minimum {} maximum {}} value 0} array_type {name {attribs {resolve_type immediate dependency {} format string minimum {} maximum {}} value chan} size {attribs {resolve_type generated dependency chan_size format long minimum {} maximum {}} value 1} stride {attribs {resolve_type generated dependency chan_stride format long minimum {} maximum {}} value 32} datatype {name {attribs {resolve_type immediate dependency {} format string minimum {} maximum {}} value {}} bitwidth {attribs {resolve_type automatic dependency {} format long minimum {} maximum {}} value 30} bitoffset {attribs {resolve_type immediate dependency {} format long minimum {} maximum {}} value 0} struct {field_cosine {name {attribs {resolve_type immediate dependency {} format string minimum {} maximum {}} value cosine} enabled {attribs {resolve_type generated dependency cosine_enabled format bool minimum {} maximum {}} value true} datatype {name {attribs {resolve_type immediate dependency {} format string minimum {} maximum {}} value {}} bitwidth {attribs {resolve_type generated dependency cosine_width format long minimum {} maximum {}} value 14} bitoffset {attribs {resolve_type immediate dependency {} format long minimum {} maximum {}} value 0} real {fixed {fractwidth {attribs {resolve_type generated dependency cosine_fractwidth format long minimum {} maximum {}} value 12} signed {attribs {resolve_type immediate dependency {} format bool minimum {} maximum {}} value true}}}}} field_sine {name {attribs {resolve_type immediate dependency {} format string minimum {} maximum {}} value sine} enabled {attribs {resolve_type generated dependency sine_enabled format bool minimum {} maximum {}} value true} datatype {name {attribs {resolve_type immediate dependency {} format string minimum {} maximum {}} value {}} bitwidth {attribs {resolve_type generated dependency sine_width format long minimum {} maximum {}} value 14} bitoffset {attribs {resolve_type generated dependency sine_offset format long minimum {} maximum {}} value 16} real {fixed {fractwidth {attribs {resolve_type generated dependency sine_fractwidth format long minimum {} maximum {}} value 12} signed {attribs {resolve_type immediate dependency {} format bool minimum {} maximum {}} value true}}}}}}}}}} TDATA_WIDTH 32 TUSER {datatype {name {attribs {resolve_type immediate dependency {} format string minimum {} maximum {}} value {}} bitwidth {attribs {resolve_type automatic dependency {} format long minimum {} maximum {}} value 0} bitoffset {attribs {resolve_type immediate dependency {} format long minimum {} maximum {}} value 0} struct {field_chanid {name {attribs {resolve_type immediate dependency {} format string minimum {} maximum {}} value chanid} enabled {attribs {resolve_type generated dependency chanid_enabled format bool minimum {} maximum {}} value false} datatype {name {attribs {resolve_type immediate dependency {} format string minimum {} maximum {}} value {}} bitwidth {attribs {resolve_type generated dependency chanid_width format long minimum {} maximum {}} value 0} bitoffset {attribs {resolve_type immediate dependency {} format long minimum {} maximum {}} value 0} integer {signed {attribs {resolve_type immediate dependency {} format bool minimum {} maximum {}} value false}}}} field_user {name {attribs {resolve_type immediate dependency {} format string minimum {} maximum {}} value user} enabled {attribs {resolve_type generated dependency user_enabled format bool minimum {} maximum {}} value false} datatype {name {attribs {resolve_type immediate dependency {} format string minimum {} maximum {}} value {}} bitwidth {attribs {resolve_type generated dependency user_width format long minimum {} maximum {}} value 0} bitoffset {attribs {resolve_type generated dependency user_offset format long minimum {} maximum {}} value 0}}}}}} TUSER_WIDTH 0}

Please resolve any mismatches by directly setting properties on BD cell </SignalGenerator/axis_red_pitaya_dac_0> to completely resolve these warnings.
WARNING: [BD 41-927] Following properties on pin /signal_decoder_0/clk have been updated from connected ip, but BD cell '/signal_decoder_0' does not accept parameter changes, so they may not be synchronized with cell properties:
	FREQ_HZ = 125000000 
Please resolve any mismatches by directly setting properties on BD cell </signal_decoder_0> to completely resolve these warnings.
WARNING: [BD 41-927] Following properties on pin /freq_to_voltage_0/clk have been updated from connected ip, but BD cell '/freq_to_voltage_0' does not accept parameter changes, so they may not be synchronized with cell properties:
	FREQ_HZ = 125000000 
Please resolve any mismatches by directly setting properties on BD cell </freq_to_voltage_0> to completely resolve these warnings.
WARNING: [BD 41-927] Following properties on pin /SignalGenerator/axis_red_pitaya_dac_0/aclk have been updated from connected ip, but BD cell '/SignalGenerator/axis_red_pitaya_dac_0' does not accept parameter changes, so they may not be synchronized with cell properties:
	FREQ_HZ = 125000000 
Please resolve any mismatches by directly setting properties on BD cell </SignalGenerator/axis_red_pitaya_dac_0> to completely resolve these warnings.
WARNING: [BD 41-927] Following properties on pin /SignalGenerator/axis_red_pitaya_dac_0/ddr_clk have been updated from connected ip, but BD cell '/SignalGenerator/axis_red_pitaya_dac_0' does not accept parameter changes, so they may not be synchronized with cell properties:
	PHASE = 0.0 
Please resolve any mismatches by directly setting properties on BD cell </SignalGenerator/axis_red_pitaya_dac_0> to completely resolve these warnings.
WARNING: [BD 41-927] Following properties on pin /SignalGenerator/axis_constant_0/aclk have been updated from connected ip, but BD cell '/SignalGenerator/axis_constant_0' does not accept parameter changes, so they may not be synchronized with cell properties:
	FREQ_HZ = 125000000 
Please resolve any mismatches by directly setting properties on BD cell </SignalGenerator/axis_constant_0> to completely resolve these warnings.
WARNING: [BD 41-927] Following properties on pin /FrequencyCounter/frequency_counter_0/clk have been updated from connected ip, but BD cell '/FrequencyCounter/frequency_counter_0' does not accept parameter changes, so they may not be synchronized with cell properties:
	FREQ_HZ = 125000000 
Please resolve any mismatches by directly setting properties on BD cell </FrequencyCounter/frequency_counter_0> to completely resolve these warnings.
Wrote  : <C:\Users\elias\dev\ba\firmware\fpga\tmp\freq\freq.srcs\sources_1\bd\system\system.bd> 
Wrote  : <C:/Users/elias/dev/ba/firmware/fpga/tmp/freq/freq.srcs/sources_1/bd/system/ui/bd_c954508f.ui> 
Wrote  : <C:/Users/elias/dev/ba/firmware/fpga/tmp/freq/freq.srcs/sources_1/bd/system/ui/bd_fb15793c.ui> 
Wrote  : <C:/Users/elias/dev/ba/firmware/fpga/tmp/freq/freq.srcs/sources_1/bd/system/ui/bd_8707aecf.ui> 
CRITICAL WARNING: [BD 41-2383] Width mismatch when connecting input pin '/SignalGenerator/axis_constant_0/cfg_data'(32) to pin '/SignalGenerator/xls_phase/Dout'(27) - Only lower order bits will be connected, and other input bits of this pin will be left unconnected.
VHDL Output written to : C:/Users/elias/dev/ba/firmware/fpga/tmp/freq/freq.srcs/sources_1/bd/system/synth/system.v
CRITICAL WARNING: [BD 41-2383] Width mismatch when connecting input pin '/SignalGenerator/axis_constant_0/cfg_data'(32) to pin '/SignalGenerator/xls_phase/Dout'(27) - Only lower order bits will be connected, and other input bits of this pin will be left unconnected.
VHDL Output written to : C:/Users/elias/dev/ba/firmware/fpga/tmp/freq/freq.srcs/sources_1/bd/system/sim/system.v
VHDL Output written to : C:/Users/elias/dev/ba/firmware/fpga/tmp/freq/freq.srcs/sources_1/bd/system/hdl/system_wrapper.v
Wrote  : <C:/Users/elias/dev/ba/firmware/fpga/tmp/freq/freq.srcs/sources_1/bd/system/ui/bd_c954508f.ui> 
Wrote  : <C:/Users/elias/dev/ba/firmware/fpga/tmp/freq/freq.srcs/sources_1/bd/system/ui/bd_fb15793c.ui> 
Wrote  : <C:/Users/elias/dev/ba/firmware/fpga/tmp/freq/freq.srcs/sources_1/bd/system/ui/bd_8707aecf.ui> 
INFO: [BD 41-1029] Generation completed for the IP Integrator block xlslice_0 .
WARNING: [IP_Flow 19-4994] Overwriting existing constraint file 'c:/Users/elias/dev/ba/firmware/fpga/tmp/freq/freq.srcs/sources_1/bd/system/ip/system_auto_pc_0/system_auto_pc_0_ooc.xdc'
INFO: [BD 41-1029] Generation completed for the IP Integrator block PS7/ps7_0_axi_periph/s00_couplers/auto_pc .
Exporting to file C:/Users/elias/dev/ba/firmware/fpga/tmp/freq/freq.srcs/sources_1/bd/system/hw_handoff/system.hwh
Generated Block Design Tcl file C:/Users/elias/dev/ba/firmware/fpga/tmp/freq/freq.srcs/sources_1/bd/system/hw_handoff/system_bd.tcl
Generated Hardware Definition File C:/Users/elias/dev/ba/firmware/fpga/tmp/freq/freq.srcs/sources_1/bd/system/synth/system.hwdef
WARNING: [BD 41-2265] Clock pin for protocol instance pin M_AXIS_PORT1 could not be determined. Make sure that ASSOCIATED_BUSIF and ASSOCIATED_RESET properties are set or propagated on clock pins of block /DataAcquisition
WARNING: [BD 41-2265] Clock pin for protocol instance pin M_AXIS_PORT1 could not be determined. Make sure that ASSOCIATED_BUSIF and ASSOCIATED_RESET properties are set or propagated on clock pins of block /DataAcquisition/signal_split_0
WARNING: [BD 41-2265] Clock pin for protocol instance pin S_AXIS could not be determined. Make sure that ASSOCIATED_BUSIF and ASSOCIATED_RESET properties are set or propagated on clock pins of block /DataAcquisition/signal_split_0
[Tue Jul  1 03:05:10 2025] Launched synth_1...
Run output will be captured here: C:/Users/elias/dev/ba/firmware/fpga/tmp/freq/freq.runs/synth_1/runme.log
[Tue Jul  1 03:05:10 2025] Launched impl_1...
Run output will be captured here: C:/Users/elias/dev/ba/firmware/fpga/tmp/freq/freq.runs/impl_1/runme.log
launch_runs: Time (s): cpu = 00:00:02 ; elapsed = 00:00:05 . Memory (MB): peak = 2194.934 ; gain = 0.793
